<?xml version="1.0" encoding="UTF-8"?>
<!-- Generated by org.testng.reporters.JUnitReportReporter -->
<testsuite hostname="FX-JSJ800" name="com.zhou.autotest.M1_fun_tv_mplay" tests="2" failures="0" timestamp="11 Mar 2016 10:09:16 GMT" time="28.542" errors="0">
  <testcase name="testClickSkip" time="3.503" classname="com.zhou.autotest.M1_fun_tv_mplay"/>
  <testcase name="testPauseAndPlay" time="25.039" classname="com.zhou.autotest.M1_fun_tv_mplay"/>
</testsuite>
