<?xml version="1.0" encoding="UTF-8"?>
<!-- Generated by org.testng.reporters.JUnitReportReporter -->
<testsuite hostname="FX-JSJ800" name="com.zhou.autotest.M1_fun_tv_mplay_bigtosmall" tests="4" failures="0" timestamp="11 Mar 2016 02:02:04 GMT" time="83.348" errors="0">
  <testcase name="testFUNCookies" time="0.035" classname="com.zhou.autotest.M1_fun_tv_mplay_bigtosmall"/>
  <testcase name="testBigAndSmall" time="10.054" classname="com.zhou.autotest.M1_fun_tv_mplay_bigtosmall"/>
  <testcase name="testPauseAndPlay" time="25.031" classname="com.zhou.autotest.M1_fun_tv_mplay_bigtosmall"/>
  <testcase name="testClickSkip" time="48.228" classname="com.zhou.autotest.M1_fun_tv_mplay_bigtosmall"/>
</testsuite>
