<?xml version="1.0" encoding="UTF-8"?>
<!-- Generated by org.testng.reporters.JUnitReportReporter -->
<testsuite hostname="FX-JSJ800" name="com.zhou.posidonautotest.vplay.MilitaryRetrieval" tests="3" failures="0" timestamp="15 Mar 2016 07:07:51 GMT" time="0.263" errors="0">
  <testcase name="testMilitaryAll" time="0.124" classname="com.zhou.posidonautotest.vplay.MilitaryRetrieval"/>
  <testcase name="testMilitaryFilters" time="0.022" classname="com.zhou.posidonautotest.vplay.MilitaryRetrieval"/>
  <testcase name="testMilitarySituation" time="0.117" classname="com.zhou.posidonautotest.vplay.MilitaryRetrieval"/>
</testsuite>
