<?xml version="1.0" encoding="UTF-8"?>
<!-- Generated by org.testng.reporters.JUnitReportReporter -->
<testsuite hostname="FX-JSJ800" name="com.zhou.posidonautotest.vplay.GameRetrieval" tests="3" failures="0" timestamp="15 Mar 2016 07:07:51 GMT" time="0.271" errors="0">
  <testcase name="testGameFilters" time="0.020" classname="com.zhou.posidonautotest.vplay.GameRetrieval"/>
  <testcase name="testgameCompetition" time="0.127" classname="com.zhou.posidonautotest.vplay.GameRetrieval"/>
  <testcase name="testGameAll" time="0.124" classname="com.zhou.posidonautotest.vplay.GameRetrieval"/>
</testsuite>
