<?xml version="1.0" encoding="UTF-8"?>
<!-- Generated by org.testng.reporters.JUnitReportReporter -->
<testsuite hostname="FX-JSJ800" name="com.zhou.posidonautotest.navigation.Search" tests="2" failures="0" timestamp="15 Mar 2016 07:07:51 GMT" time="0.243" errors="0">
  <testcase name="testMediaSearch" time="0.117" classname="com.zhou.posidonautotest.navigation.Search"/>
  <testcase name="testVideoSearch" time="0.126" classname="com.zhou.posidonautotest.navigation.Search"/>
</testsuite>
