<?xml version="1.0" encoding="UTF-8"?>
<!-- Generated by org.testng.reporters.JUnitReportReporter -->
<testsuite hostname="FX-JSJ800" name="com.zhou.posidonautotest.mplay.FilmRetrieval" tests="3" failures="0" timestamp="15 Mar 2016 07:07:51 GMT" time="0.282" errors="0">
  <testcase name="testFilmAll" time="0.135" classname="com.zhou.posidonautotest.mplay.FilmRetrieval"/>
  <testcase name="testFilmFilters" time="0.030" classname="com.zhou.posidonautotest.mplay.FilmRetrieval"/>
  <testcase name="testFilmDetail" time="0.117" classname="com.zhou.posidonautotest.mplay.FilmRetrieval"/>
</testsuite>
