<?xml version="1.0" encoding="UTF-8"?>
<!-- Generated by org.testng.reporters.JUnitReportReporter -->
<testsuite hostname="FX-JSJ800" name="com.zhou.posidonautotest.vplay.EPLRetrieval" tests="3" failures="0" timestamp="15 Mar 2016 07:07:51 GMT" time="0.252" errors="0">
  <testcase name="testEPLAll" time="0.121" classname="com.zhou.posidonautotest.vplay.EPLRetrieval"/>
  <testcase name="testEPLManchester" time="0.117" classname="com.zhou.posidonautotest.vplay.EPLRetrieval"/>
  <testcase name="testEPLFilters" time="0.014" classname="com.zhou.posidonautotest.vplay.EPLRetrieval"/>
</testsuite>
