<?xml version="1.0" encoding="UTF-8"?>
<!-- Generated by org.testng.reporters.JUnitReportReporter -->
<testsuite hostname="FX-JSJ800" name="com.zhou.posidonautotest.vplay.EPLRetrieval" tests="3" failures="0" timestamp="15 Mar 2016 01:55:33 GMT" time="0.257" errors="0">
  <testcase name="testEPLAll" time="0.123" classname="com.zhou.posidonautotest.vplay.EPLRetrieval"/>
  <testcase name="testEPLManchester" time="0.119" classname="com.zhou.posidonautotest.vplay.EPLRetrieval"/>
  <testcase name="testEPLFilters" time="0.015" classname="com.zhou.posidonautotest.vplay.EPLRetrieval"/>
</testsuite>
