<?xml version="1.0" encoding="UTF-8"?>
<!-- Generated by org.testng.reporters.JUnitReportReporter -->
<testsuite hostname="FX-JSJ800" name="com.zhou.posidonautotest.mplay.VarietyShowRetrieval" tests="3" failures="0" timestamp="15 Mar 2016 01:55:33 GMT" time="0.264" errors="0">
  <testcase name="testVarietyShowDetail" time="0.015" classname="com.zhou.posidonautotest.mplay.VarietyShowRetrieval"/>
  <testcase name="testVarietyShowAll" time="0.141" classname="com.zhou.posidonautotest.mplay.VarietyShowRetrieval"/>
  <testcase name="testVarietyShowFilters" time="0.108" classname="com.zhou.posidonautotest.mplay.VarietyShowRetrieval"/>
</testsuite>
