<?xml version="1.0" encoding="UTF-8"?>
<!-- Generated by org.testng.reporters.JUnitReportReporter -->
<testsuite hostname="FX-JSJ800" name="com.zhou.posidonautotest.vplay.TourismRetrieval" tests="3" failures="0" timestamp="15 Mar 2016 07:07:51 GMT" time="0.471" errors="0">
  <testcase name="testTourismFilters" time="0.026" classname="com.zhou.posidonautotest.vplay.TourismRetrieval"/>
  <testcase name="testtourismGlobalGossip" time="0.216" classname="com.zhou.posidonautotest.vplay.TourismRetrieval"/>
  <testcase name="testTourismAll" time="0.229" classname="com.zhou.posidonautotest.vplay.TourismRetrieval"/>
</testsuite>
