<?xml version="1.0" encoding="UTF-8"?>
<!-- Generated by org.testng.reporters.JUnitReportReporter -->
<testsuite hostname="FX-JSJ800" name="com.zhou.posidonautotest.vplay.CarRetrieval" tests="3" failures="0" timestamp="15 Mar 2016 07:07:51 GMT" time="0.060" errors="0">
  <testcase name="testCarAll" time="0.026" classname="com.zhou.posidonautotest.vplay.CarRetrieval"/>
  <testcase name="testcarFunNews" time="0.021" classname="com.zhou.posidonautotest.vplay.CarRetrieval"/>
  <testcase name="testCarFilters" time="0.013" classname="com.zhou.posidonautotest.vplay.CarRetrieval"/>
</testsuite>
