<?xml version="1.0" encoding="UTF-8"?>
<!-- Generated by org.testng.reporters.JUnitReportReporter -->
<testsuite hostname="FX-JSJ800" name="com.zhou.posidonautotest.vplay.NewsRetrieval" tests="3" failures="0" timestamp="15 Mar 2016 07:07:51 GMT" time="0.348" errors="0">
  <testcase name="testNewsAll" time="0.219" classname="com.zhou.posidonautotest.vplay.NewsRetrieval"/>
  <testcase name="testNewsFilters" time="0.013" classname="com.zhou.posidonautotest.vplay.NewsRetrieval"/>
  <testcase name="testNewsDomestic" time="0.116" classname="com.zhou.posidonautotest.vplay.NewsRetrieval"/>
</testsuite>
