<?xml version="1.0" encoding="UTF-8"?>
<!-- Generated by org.testng.reporters.JUnitReportReporter -->
<testsuite hostname="FX-JSJ800" name="com.zhou.posidonautotest.navigation.MplayNavigation" tests="7" failures="0" timestamp="15 Mar 2016 07:07:51 GMT" time="0.993" errors="0">
  <testcase name="testVarietyShowNavigation" time="0.131" classname="com.zhou.posidonautotest.navigation.MplayNavigation"/>
  <testcase name="testAnimalComicsNavigation" time="0.170" classname="com.zhou.posidonautotest.navigation.MplayNavigation"/>
  <testcase name="testTVSeriesNavigation" time="0.118" classname="com.zhou.posidonautotest.navigation.MplayNavigation"/>
  <testcase name="testRecommentNavigation" time="0.181" classname="com.zhou.posidonautotest.navigation.MplayNavigation"/>
  <testcase name="testFilmNavigation" time="0.136" classname="com.zhou.posidonautotest.navigation.MplayNavigation"/>
  <testcase name="testMicrofilmNavigation" time="0.126" classname="com.zhou.posidonautotest.navigation.MplayNavigation"/>
  <testcase name="testVideoLibraryNavigation" time="0.131" classname="com.zhou.posidonautotest.navigation.MplayNavigation"/>
</testsuite>
