<?xml version="1.0" encoding="UTF-8"?>
<!-- Generated by org.testng.reporters.JUnitReportReporter -->
<testsuite hostname="FX-JSJ800" name="com.zhou.autotest.M1_fun_tv_vplay_malliance" tests="4" failures="0" timestamp="11 Mar 2016 02:02:04 GMT" time="54.961" errors="0">
  <testcase name="testPauseAndFullPlay" time="26.161" classname="com.zhou.autotest.M1_fun_tv_vplay_malliance"/>
  <testcase name="testFUNCookies" time="0.034" classname="com.zhou.autotest.M1_fun_tv_vplay_malliance"/>
  <testcase name="testClickSkip" time="24.746" classname="com.zhou.autotest.M1_fun_tv_vplay_malliance"/>
  <testcase name="testPlayNext" time="4.020" classname="com.zhou.autotest.M1_fun_tv_vplay_malliance"/>
</testsuite>
