<?xml version="1.0" encoding="UTF-8"?>
<!-- Generated by org.testng.reporters.JUnitReportReporter -->
<testsuite hostname="FX-JSJ800" name="com.zhou.posidonautotest.vplay.NewsRetrieval" tests="3" failures="0" timestamp="15 Mar 2016 01:55:33 GMT" time="0.144" errors="0">
  <testcase name="testNewsDomestic" time="0.020" classname="com.zhou.posidonautotest.vplay.NewsRetrieval"/>
  <testcase name="testNewsFilters" time="0.018" classname="com.zhou.posidonautotest.vplay.NewsRetrieval"/>
  <testcase name="testNewsAll" time="0.106" classname="com.zhou.posidonautotest.vplay.NewsRetrieval"/>
</testsuite>
