<?xml version="1.0" encoding="UTF-8"?>
<!-- Generated by org.testng.reporters.JUnitReportReporter -->
<testsuite hostname="FX-JSJ800" name="com.zhou.posidonautotest.vplay.FashionRetrieval" tests="3" failures="0" timestamp="15 Mar 2016 01:55:33 GMT" time="0.250" errors="0">
  <testcase name="testFashionFilters" time="0.015" classname="com.zhou.posidonautotest.vplay.FashionRetrieval"/>
  <testcase name="testFashionAll" time="0.117" classname="com.zhou.posidonautotest.vplay.FashionRetrieval"/>
  <testcase name="testFashionStarStyle" time="0.118" classname="com.zhou.posidonautotest.vplay.FashionRetrieval"/>
</testsuite>
