<?xml version="1.0" encoding="UTF-8"?>
<!-- Generated by org.testng.reporters.JUnitReportReporter -->
<testsuite hostname="FX-JSJ800" name="com.zhou.posidonautotest.vplay.VideoNumber" tests="2" failures="0" timestamp="15 Mar 2016 01:55:33 GMT" time="0.150" errors="0">
  <testcase name="testVideoNumberlist" time="0.120" classname="com.zhou.posidonautotest.vplay.VideoNumber"/>
  <testcase name="testVideoNumberclasslist" time="0.030" classname="com.zhou.posidonautotest.vplay.VideoNumber"/>
</testsuite>
