<?xml version="1.0" encoding="UTF-8"?>
<!-- Generated by org.testng.reporters.JUnitReportReporter -->
<testsuite hostname="FX-JSJ800" name="com.zhou.posidonautotest.vplay.FunnyRetrieval" tests="3" failures="0" timestamp="15 Mar 2016 07:07:51 GMT" time="0.195" errors="0">
  <testcase name="testFunnyPetDaily" time="0.152" classname="com.zhou.posidonautotest.vplay.FunnyRetrieval"/>
  <testcase name="testFunnyFilters" time="0.016" classname="com.zhou.posidonautotest.vplay.FunnyRetrieval"/>
  <testcase name="testFunnyAll" time="0.027" classname="com.zhou.posidonautotest.vplay.FunnyRetrieval"/>
</testsuite>
