<?xml version="1.0" encoding="UTF-8"?>
<!-- Generated by org.testng.reporters.JUnitReportReporter -->
<testsuite hostname="FX-JSJ800" name="com.zhou.posidonautotest.vplay.SquaredanceRetrieval" tests="3" failures="0" timestamp="15 Mar 2016 01:55:33 GMT" time="0.271" errors="0">
  <testcase name="testSquaredanceAll" time="0.124" classname="com.zhou.posidonautotest.vplay.SquaredanceRetrieval"/>
  <testcase name="testSquaredanceFilters" time="0.023" classname="com.zhou.posidonautotest.vplay.SquaredanceRetrieval"/>
  <testcase name="testSquaredanceTeaching" time="0.124" classname="com.zhou.posidonautotest.vplay.SquaredanceRetrieval"/>
</testsuite>
