<?xml version="1.0" encoding="UTF-8"?>
<!-- Generated by org.testng.reporters.JUnitReportReporter -->
<testsuite hostname="FX-JSJ800" name="com.zhou.autotest.M1_fun_tv_home_cookiesAndLocalStorage" tests="5" failures="0" timestamp="11 Mar 2016 10:09:16 GMT" time="11.645" errors="0">
  <testcase name="testFUNCookies" time="0.049" classname="com.zhou.autotest.M1_fun_tv_home_cookiesAndLocalStorage"/>
  <testcase name="testClearLocalstorage" time="0.018" classname="com.zhou.autotest.M1_fun_tv_home_cookiesAndLocalStorage"/>
  <testcase name="testClearCookie" time="0.464" classname="com.zhou.autotest.M1_fun_tv_home_cookiesAndLocalStorage"/>
  <testcase name="testFUNLocalstorage" time="0.028" classname="com.zhou.autotest.M1_fun_tv_home_cookiesAndLocalStorage"/>
  <testcase name="testClickSkip" time="11.086" classname="com.zhou.autotest.M1_fun_tv_home_cookiesAndLocalStorage"/>
</testsuite>
