<?xml version="1.0" encoding="UTF-8"?>
<!-- Generated by org.testng.reporters.JUnitReportReporter -->
<testsuite hostname="FX-JSJ800" name="com.zhou.autotest.M1_fun_tv_home_user5" tests="5" failures="0" timestamp="11 Mar 2016 02:02:04 GMT" time="69.813" errors="0">
  <testcase name="testPlayShow" time="3.064" classname="com.zhou.autotest.M1_fun_tv_home_user5"/>
  <testcase name="testRecentSearchLocalStorage" time="19.290" classname="com.zhou.autotest.M1_fun_tv_home_user5"/>
  <testcase name="testSearch" time="12.329" classname="com.zhou.autotest.M1_fun_tv_home_user5"/>
  <testcase name="testClickSkip" time="35.090" classname="com.zhou.autotest.M1_fun_tv_home_user5"/>
  <testcase name="testTextShow" time="0.040" classname="com.zhou.autotest.M1_fun_tv_home_user5"/>
</testsuite>
