<?xml version="1.0" encoding="UTF-8"?>
<!-- Generated by org.testng.reporters.JUnitReportReporter -->
<testsuite hostname="FX-JSJ800" name="com.zhou.androidautotest.M1_fun_tv_android_Rotation" tests="2" failures="0" timestamp="9 Mar 2016 06:30:37 GMT" time="41.614" errors="0">
  <testcase name="testClickSkip" time="36.573" classname="com.zhou.androidautotest.M1_fun_tv_android_Rotation"/>
  <testcase name="rotation" time="5.041" classname="com.zhou.androidautotest.M1_fun_tv_android_Rotation"/>
</testsuite> <!-- com.zhou.androidautotest.M1_fun_tv_android_Rotation -->
