<?xml version="1.0" encoding="UTF-8"?>
<!-- Generated by org.testng.reporters.JUnitReportReporter -->
<testsuite hostname="FX-JSJ800" name="com.zhou.posidonautotest.vplay.SportsRetrieval" tests="3" failures="0" timestamp="15 Mar 2016 07:07:51 GMT" time="0.265" errors="0">
  <testcase name="testsportsAll" time="0.117" classname="com.zhou.posidonautotest.vplay.SportsRetrieval"/>
  <testcase name="testsportsBasketball" time="0.126" classname="com.zhou.posidonautotest.vplay.SportsRetrieval"/>
  <testcase name="testSportsFilters" time="0.022" classname="com.zhou.posidonautotest.vplay.SportsRetrieval"/>
</testsuite>
