<?xml version="1.0" encoding="UTF-8"?>
<!-- Generated by org.testng.reporters.JUnitReportReporter -->
<testsuite hostname="FX-JSJ800" name="com.zhou.posidonautotest.mplay.TVSeriesRetrieval" tests="3" failures="0" timestamp="15 Mar 2016 01:55:33 GMT" time="0.171" errors="0">
  <testcase name="testTVSeriesDetail" time="0.020" classname="com.zhou.posidonautotest.mplay.TVSeriesRetrieval"/>
  <testcase name="testTVSeriesAll" time="0.134" classname="com.zhou.posidonautotest.mplay.TVSeriesRetrieval"/>
  <testcase name="testTVSeriesFilters" time="0.017" classname="com.zhou.posidonautotest.mplay.TVSeriesRetrieval"/>
</testsuite>
