<?xml version="1.0" encoding="UTF-8"?>
<!-- Generated by org.testng.reporters.JUnitReportReporter -->
<testsuite hostname="FX-JSJ800" name="com.zhou.posidonautotest.vplay.FightingRetrieval" tests="3" failures="0" timestamp="15 Mar 2016 07:07:51 GMT" time="0.258" errors="0">
  <testcase name="testfightingBoxing" time="0.110" classname="com.zhou.posidonautotest.vplay.FightingRetrieval"/>
  <testcase name="testFightingAll" time="0.124" classname="com.zhou.posidonautotest.vplay.FightingRetrieval"/>
  <testcase name="testFightingFilters" time="0.024" classname="com.zhou.posidonautotest.vplay.FightingRetrieval"/>
</testsuite>
