<?xml version="1.0" encoding="UTF-8"?>
<!-- Generated by org.testng.reporters.JUnitReportReporter -->
<testsuite hostname="FX-JSJ800" name="com.zhou.posidonautotest.vplay.TourismRetrieval" tests="3" failures="0" timestamp="15 Mar 2016 01:55:33 GMT" time="0.178" errors="0">
  <testcase name="testTourismAll" time="0.032" classname="com.zhou.posidonautotest.vplay.TourismRetrieval"/>
  <testcase name="testTourismFilters" time="0.107" classname="com.zhou.posidonautotest.vplay.TourismRetrieval"/>
  <testcase name="testtourismGlobalGossip" time="0.039" classname="com.zhou.posidonautotest.vplay.TourismRetrieval"/>
</testsuite>
