<?xml version="1.0" encoding="UTF-8"?>
<!-- Generated by org.testng.reporters.JUnitReportReporter -->
<testsuite hostname="FX-JSJ800" name="com.zhou.posidonautotest.navigation.MplayNavigation" tests="7" failures="0" timestamp="15 Mar 2016 01:55:33 GMT" time="1.004" errors="0">
  <testcase name="testRecommentNavigation" time="0.169" classname="com.zhou.posidonautotest.navigation.MplayNavigation"/>
  <testcase name="testAnimalComicsNavigation" time="0.144" classname="com.zhou.posidonautotest.navigation.MplayNavigation"/>
  <testcase name="testVarietyShowNavigation" time="0.140" classname="com.zhou.posidonautotest.navigation.MplayNavigation"/>
  <testcase name="testMicrofilmNavigation" time="0.121" classname="com.zhou.posidonautotest.navigation.MplayNavigation"/>
  <testcase name="testVideoLibraryNavigation" time="0.133" classname="com.zhou.posidonautotest.navigation.MplayNavigation"/>
  <testcase name="testTVSeriesNavigation" time="0.132" classname="com.zhou.posidonautotest.navigation.MplayNavigation"/>
  <testcase name="testFilmNavigation" time="0.165" classname="com.zhou.posidonautotest.navigation.MplayNavigation"/>
</testsuite>
