<?xml version="1.0" encoding="UTF-8"?>
<!-- Generated by org.testng.reporters.JUnitReportReporter -->
<testsuite hostname="FX-JSJ800" name="com.zhou.posidonautotest.vplay.VideoNumber" tests="2" failures="0" timestamp="15 Mar 2016 07:07:51 GMT" time="0.149" errors="0">
  <testcase name="testVideoNumberclasslist" time="0.026" classname="com.zhou.posidonautotest.vplay.VideoNumber"/>
  <testcase name="testVideoNumberlist" time="0.123" classname="com.zhou.posidonautotest.vplay.VideoNumber"/>
</testsuite>
