<?xml version="1.0" encoding="UTF-8"?>
<!-- Generated by org.testng.reporters.JUnitReportReporter -->
<testsuite hostname="FX-JSJ800" name="com.zhou.posidonautotest.mplay.AnimalComicsRetrieval" tests="3" failures="0" timestamp="15 Mar 2016 07:07:51 GMT" time="0.426" errors="0">
  <testcase name="testAnimalComicsFilters" time="0.109" classname="com.zhou.posidonautotest.mplay.AnimalComicsRetrieval"/>
  <testcase name="testAnimalComicsAll" time="0.208" classname="com.zhou.posidonautotest.mplay.AnimalComicsRetrieval"/>
  <testcase name="testAnimalComicsDetail" time="0.109" classname="com.zhou.posidonautotest.mplay.AnimalComicsRetrieval"/>
</testsuite>
