<?xml version="1.0" encoding="UTF-8"?>
<!-- Generated by org.testng.reporters.JUnitReportReporter -->
<testsuite hostname="FX-JSJ800" name="com.zhou.posidonautotest.mplay.AnimalComicsRetrieval" tests="3" failures="0" timestamp="15 Mar 2016 01:55:33 GMT" time="0.276" errors="0">
  <testcase name="testAnimalComicsDetail" time="0.018" classname="com.zhou.posidonautotest.mplay.AnimalComicsRetrieval"/>
  <testcase name="testAnimalComicsAll" time="0.151" classname="com.zhou.posidonautotest.mplay.AnimalComicsRetrieval"/>
  <testcase name="testAnimalComicsFilters" time="0.107" classname="com.zhou.posidonautotest.mplay.AnimalComicsRetrieval"/>
</testsuite>
