<?xml version="1.0" encoding="UTF-8"?>
<!-- Generated by org.testng.reporters.JUnitReportReporter -->
<testsuite hostname="FX-JSJ800" name="com.zhou.posidonautotest.navigation.VplayNavigation" tests="17" failures="0" timestamp="15 Mar 2016 07:07:51 GMT" time="2.071" errors="0">
  <testcase name="testCarNavigation" time="0.140" classname="com.zhou.posidonautotest.navigation.VplayNavigation"/>
  <testcase name="testgameNavigation" time="0.154" classname="com.zhou.posidonautotest.navigation.VplayNavigation"/>
  <testcase name="testTourismNavigation" time="0.122" classname="com.zhou.posidonautotest.navigation.VplayNavigation"/>
  <testcase name="testNewsNavigation" time="0.027" classname="com.zhou.posidonautotest.navigation.VplayNavigation"/>
  <testcase name="testHotspotNavigation" time="0.122" classname="com.zhou.posidonautotest.navigation.VplayNavigation"/>
  <testcase name="testGuessYouLikeNavigation" time="0.015" classname="com.zhou.posidonautotest.navigation.VplayNavigation"/>
  <testcase name="testScienceNavigation" time="0.135" classname="com.zhou.posidonautotest.navigation.VplayNavigation"/>
  <testcase name="testLifeNavigation" time="0.122" classname="com.zhou.posidonautotest.navigation.VplayNavigation"/>
  <testcase name="testmilitaryNavigation" time="0.133" classname="com.zhou.posidonautotest.navigation.VplayNavigation"/>
  <testcase name="testFashionNavigation" time="0.142" classname="com.zhou.posidonautotest.navigation.VplayNavigation"/>
  <testcase name="testSquaredanceNavigation" time="0.130" classname="com.zhou.posidonautotest.navigation.VplayNavigation"/>
  <testcase name="testfightingNavigation" time="0.124" classname="com.zhou.posidonautotest.navigation.VplayNavigation"/>
  <testcase name="testFunnyNavigation" time="0.139" classname="com.zhou.posidonautotest.navigation.VplayNavigation"/>
  <testcase name="testEntertainmentNavigation" time="0.140" classname="com.zhou.posidonautotest.navigation.VplayNavigation"/>
  <testcase name="testEPLNavigation" time="0.143" classname="com.zhou.posidonautotest.navigation.VplayNavigation"/>
  <testcase name="testsportsNavigation" time="0.128" classname="com.zhou.posidonautotest.navigation.VplayNavigation"/>
  <testcase name="testVideoNumberNavigation" time="0.155" classname="com.zhou.posidonautotest.navigation.VplayNavigation"/>
</testsuite>
