<?xml version="1.0" encoding="UTF-8"?>
<!-- Generated by org.testng.reporters.JUnitReportReporter -->
<testsuite hostname="FX-JSJ800" name="com.zhou.autotest.M1_fun_tv_vplay" tests="3" failures="0" timestamp="11 Mar 2016 02:02:04 GMT" time="53.262" errors="0">
  <testcase name="testClickSkip" time="24.211" classname="com.zhou.autotest.M1_fun_tv_vplay"/>
  <testcase name="testPlayNext" time="4.023" classname="com.zhou.autotest.M1_fun_tv_vplay"/>
  <testcase name="testPauseAndPlay" time="25.028" classname="com.zhou.autotest.M1_fun_tv_vplay"/>
</testsuite>
