<?xml version="1.0" encoding="UTF-8"?>
<!-- Generated by org.testng.reporters.JUnitReportReporter -->
<testsuite hostname="FX-JSJ800" name="com.zhou.posidonautotest.mplay.FilmRetrieval" tests="3" failures="0" timestamp="15 Mar 2016 01:55:33 GMT" time="0.170" errors="0">
  <testcase name="testFilmFilters" time="0.021" classname="com.zhou.posidonautotest.mplay.FilmRetrieval"/>
  <testcase name="testFilmDetail" time="0.111" classname="com.zhou.posidonautotest.mplay.FilmRetrieval"/>
  <testcase name="testFilmAll" time="0.038" classname="com.zhou.posidonautotest.mplay.FilmRetrieval"/>
</testsuite>
