<?xml version="1.0" encoding="UTF-8"?>
<!-- Generated by org.testng.reporters.JUnitReportReporter -->
<testsuite hostname="FX-JSJ800" name="com.zhou.androidautotest.M1_fun_tv_android_user" tests="4" failures="0" timestamp="9 Mar 2016 06:02:55 GMT" time="108.840" errors="0">
  <testcase name="testPlay" time="13.153" classname="com.zhou.androidautotest.M1_fun_tv_android_user"/>
  <testcase name="testClickSkip" time="36.527" classname="com.zhou.androidautotest.M1_fun_tv_android_user"/>
  <testcase name="testTVSeries" time="54.143" classname="com.zhou.androidautotest.M1_fun_tv_android_user"/>
  <testcase name="testTouchAndScroll" time="5.017" classname="com.zhou.androidautotest.M1_fun_tv_android_user"/>
</testsuite> <!-- com.zhou.androidautotest.M1_fun_tv_android_user -->
