<?xml version="1.0" encoding="UTF-8"?>
<!-- Generated by org.testng.reporters.JUnitReportReporter -->
<testsuite hostname="FX-JSJ800" name="com.zhou.posidonautotest.vplay.FunnyRetrieval" tests="3" failures="0" timestamp="15 Mar 2016 01:55:33 GMT" time="0.271" errors="0">
  <testcase name="testFunnyFilters" time="0.025" classname="com.zhou.posidonautotest.vplay.FunnyRetrieval"/>
  <testcase name="testFunnyAll" time="0.129" classname="com.zhou.posidonautotest.vplay.FunnyRetrieval"/>
  <testcase name="testFunnyPetDaily" time="0.117" classname="com.zhou.posidonautotest.vplay.FunnyRetrieval"/>
</testsuite>
