<?xml version="1.0" encoding="UTF-8"?>
<!-- Generated by org.testng.reporters.JUnitReportReporter -->
<testsuite hostname="FX-JSJ800" name="com.zhou.posidonautotest.vplay.GuessYouLike" tests="1" failures="0" timestamp="15 Mar 2016 07:07:51 GMT" time="0.163" errors="0">
  <testcase name="testGuessYouLike" time="0.163" classname="com.zhou.posidonautotest.vplay.GuessYouLike"/>
</testsuite>
