<?xml version="1.0" encoding="UTF-8"?>
<!-- Generated by org.testng.reporters.JUnitReportReporter -->
<testsuite hostname="FX-JSJ800" name="com.zhou.posidonautotest.vplay.EntertainmentRetrieval" tests="3" failures="0" timestamp="15 Mar 2016 07:07:51 GMT" time="0.261" errors="0">
  <testcase name="testEntertainmentAll" time="0.124" classname="com.zhou.posidonautotest.vplay.EntertainmentRetrieval"/>
  <testcase name="testEntertainmentHeadlines" time="0.119" classname="com.zhou.posidonautotest.vplay.EntertainmentRetrieval"/>
  <testcase name="testEntertainmentFilters" time="0.018" classname="com.zhou.posidonautotest.vplay.EntertainmentRetrieval"/>
</testsuite>
