<?xml version="1.0" encoding="UTF-8"?>
<!-- Generated by org.testng.reporters.JUnitReportReporter -->
<testsuite hostname="FX-JSJ800" name="com.zhou.posidonautotest.navigation.Search" tests="2" failures="0" timestamp="15 Mar 2016 01:55:33 GMT" time="0.213" errors="0">
  <testcase name="testMediaSearch" time="0.105" classname="com.zhou.posidonautotest.navigation.Search"/>
  <testcase name="testVideoSearch" time="0.108" classname="com.zhou.posidonautotest.navigation.Search"/>
</testsuite>
