<?xml version="1.0" encoding="UTF-8"?>
<!-- Generated by org.testng.reporters.JUnitReportReporter -->
<testsuite hostname="FX-JSJ800" name="com.zhou.posidonautotest.mplay.MicrofilmRetrieval" tests="3" failures="0" timestamp="15 Mar 2016 07:07:51 GMT" time="0.273" errors="0">
  <testcase name="testMicrofilmDetail" time="0.125" classname="com.zhou.posidonautotest.mplay.MicrofilmRetrieval"/>
  <testcase name="testMicrofilmFilters" time="0.014" classname="com.zhou.posidonautotest.mplay.MicrofilmRetrieval"/>
  <testcase name="testMicrofilmAll" time="0.134" classname="com.zhou.posidonautotest.mplay.MicrofilmRetrieval"/>
</testsuite>
