<?xml version="1.0" encoding="UTF-8"?>
<!-- Generated by org.testng.reporters.JUnitReportReporter -->
<testsuite hostname="FX-JSJ800" name="com.zhou.posidonautotest.vplay.FashionRetrieval" tests="3" failures="0" timestamp="15 Mar 2016 07:07:51 GMT" time="0.161" errors="0">
  <testcase name="testFashionStarStyle" time="0.119" classname="com.zhou.posidonautotest.vplay.FashionRetrieval"/>
  <testcase name="testFashionFilters" time="0.017" classname="com.zhou.posidonautotest.vplay.FashionRetrieval"/>
  <testcase name="testFashionAll" time="0.025" classname="com.zhou.posidonautotest.vplay.FashionRetrieval"/>
</testsuite>
