<?xml version="1.0" encoding="UTF-8"?>
<!-- Generated by org.testng.reporters.JUnitReportReporter -->
<testsuite hostname="FX-JSJ800" name="com.zhou.posidonautotest.GuessYouLikeAndVideoNumber.VideoNumber" tests="2" failures="0" timestamp="11 Mar 2016 01:25:32 GMT" time="0.740" errors="0">
  <testcase name="testVideoNumberclasslist" time="0.683" classname="com.zhou.posidonautotest.GuessYouLikeAndVideoNumber.VideoNumber"/>
  <testcase name="testVideoNumberlist" time="0.057" classname="com.zhou.posidonautotest.GuessYouLikeAndVideoNumber.VideoNumber"/>
</testsuite>
