<?xml version="1.0" encoding="UTF-8"?>
<!-- Generated by org.testng.reporters.JUnitReportReporter -->
<testsuite hostname="FX-JSJ800" name="com.zhou.posidonautotest.mplay.TVSeriesRetrieval" tests="3" failures="0" timestamp="15 Mar 2016 07:07:51 GMT" time="0.169" errors="0">
  <testcase name="testTVSeriesAll" time="0.134" classname="com.zhou.posidonautotest.mplay.TVSeriesRetrieval"/>
  <testcase name="testTVSeriesFilters" time="0.016" classname="com.zhou.posidonautotest.mplay.TVSeriesRetrieval"/>
  <testcase name="testTVSeriesDetail" time="0.019" classname="com.zhou.posidonautotest.mplay.TVSeriesRetrieval"/>
</testsuite>
