<?xml version="1.0" encoding="UTF-8"?>
<!-- Generated by org.testng.reporters.JUnitReportReporter -->
<testsuite hostname="FX-JSJ800" name="com.zhou.autotest.M1_fun_tv_home_cookiesAndLocalStorage" tests="5" failures="5" timestamp="15 Mar 2016 05:56:24 GMT" time="0.002" errors="0">
  <testcase name="testClearLocalstorage" time="0.001" classname="com.zhou.autotest.M1_fun_tv_home_cookiesAndLocalStorage">
    <failure type="org.openqa.selenium.WebDriverException" message="Failed to connect to binary FirefoxBinary(C:\Program Files (x86)\Mozilla Firefox\firefox.exe) on port 7055; process output follows: 
e://gre/modules/Promise-backend.js:812:7
this.PromiseWalker.scheduleWalkerLoop/&lt;@resource://gre/modules/Promise.jsm -&gt; resource://gre/modules/Promise-backend.js:746:1

*************************
*************************
A coding exception was thrown and uncaught in a Task.

Full message: TypeError: aAddon._installLocation is undefined
Full stack: shouldVerifySignedState@resource://gre/modules/addons/XPIProvider.jsm:1666:1
verifyZipSignedState@resource://gre/modules/addons/XPIProvider.jsm:1697:8
loadManifestFromZipReader&lt;@resource://gre/modules/addons/XPIProvider.jsm:1430:29
TaskImpl_run@resource://gre/modules/Task.jsm:315:40
TaskImpl@resource://gre/modules/Task.jsm:276:3
createAsyncFunction/asyncFunction@resource://gre/modules/Task.jsm:250:14
loadManifestFromZipFile&lt;@resource://gre/modules/addons/XPIProvider.jsm:1455:26
TaskImpl_run@resource://gre/modules/Task.jsm:315:40
TaskImpl@resource://gre/modules/Task.jsm:276:3
createAsyncFunction/asyncFunction@resource://gre/modules/Task.jsm:250:14
loadManifestFromFile@resource://gre/modules/addons/XPIProvider.jsm:1465:12
AddonInstaller.InstallerService._shouldInstall/&lt;@resource://addoninstaller/installerService.js:341:49
safeCall@resource://gre/modules/AddonManager.jsm:179:5
makeSafe/&lt;@resource://gre/modules/AddonManager.jsm:195:25
Handler.prototype.process@resource://gre/modules/Promise.jsm -&gt; resource://gre/modules/Promise-backend.js:933:23
this.PromiseWalker.walkerLoop@resource://gre/modules/Promise.jsm -&gt; resource://gre/modules/Promise-backend.js:812:7
this.PromiseWalker.scheduleWalkerLoop/&lt;@resource://gre/modules/Promise.jsm -&gt; resource://gre/modules/Promise-backend.js:746:1

*************************
1458021351265	addons.xpi	DEBUG	Calling bootstrap method shutdown on commonfix@mozillaonline.com version 0.13
console.error: commonfix: 
  Message: ReferenceError: reason is not defined
  Stack:
    exports.onUnload@resource://gre/modules/commonjs/toolkit/loader.js -&gt; resource://commonfix-at-mozillaonline-dot-com/commonfix/lib/main.js:316:1
unload/&lt;@resource://gre/modules/commonjs/toolkit/loader.js -&gt; resource://gre/modules/commonjs/sdk/system/unload.js:58:7
unload@resource://gre/modules/commonjs/toolkit/loader.js -&gt; resource://gre/modules/commonjs/sdk/system/unload.js:56:3
onunload@resource://gre/modules/commonjs/toolkit/loader.js -&gt; resource://gre/modules/commonjs/sdk/system/unload.js:77:5
Observer&lt;.observe@resource://gre/modules/commonjs/toolkit/loader.js -&gt; resource://gre/modules/commonjs/sdk/system/events.js:81:7
unload@resource://gre/modules/commonjs/toolkit/loader.js:791:3
shutdown@resource://gre/modules/addons/XPIProvider.jsm -&gt; jar:file:///C:/Users/zhoupp/AppData/Local/Temp/anonymous5977437387054190729webdriver-profile/extensions/commonfix@mozillaonline.com.xpi!/bootstrap.js:303:5
this.XPIProvider.callBootstrapMethod@resource://gre/modules/addons/XPIProvider.jsm:4658:9
this.XPIProvider.startup/&lt;.observe@resource://gre/modules/addons/XPIProvider.jsm:2758:1

1458021351294	addons.xpi	DEBUG	Calling bootstrap method shutdown on wx-assistant@mozillaonline.com version 1.1.5
1458021351298	addons.xpi	DEBUG	Calling bootstrap method shutdown on loop@mozilla.org version 0.1
1458021351556	addons.manager	DEBUG	shutdown
1458021351556	addons.manager	DEBUG	Calling shutdown blocker for &lt;unnamed-provider&gt;
1458021351556	addons.manager	DEBUG	Calling shutdown blocker for XPIProvider
1458021351556	addons.xpi	DEBUG	shutdown
1458021351557	addons.xpi-utils	DEBUG	Updating add-on states
1458021351560	addons.xpi-utils	DEBUG	Writing add-ons list
1458021351564	addons.xpi-utils	DEBUG	shutdown
1458021351564	addons.manager	DEBUG	Calling shutdown blocker for LightweightThemeManager
1458021351564	addons.manager	DEBUG	Calling shutdown blocker for GMPProvider
1458021351566	addons.manager	DEBUG	Calling shutdown blocker for PluginProvider
1458021351567	addons.manager	DEBUG	Calling shutdown blocker for PreviousExperimentProvider
1458021351569	addons.xpi	DEBUG	Notifying XPI shutdown observers
1458021351572	addons.manager	DEBUG	Async provider shutdown done

Build info: version: &#039;2.25.0&#039;, revision: &#039;17482&#039;, time: &#039;2012-07-18 21:08:56&#039;
System info: os.name: &#039;Windows 7&#039;, os.arch: &#039;amd64&#039;, os.version: &#039;6.1&#039;, java.version: &#039;1.8.0_66&#039;
Driver info: driver.version: FirefoxDriver">
      <![CDATA[org.openqa.selenium.WebDriverException: Failed to connect to binary FirefoxBinary(C:\Program Files (x86)\Mozilla Firefox\firefox.exe) on port 7055; process output follows: 
e://gre/modules/Promise-backend.js:812:7
this.PromiseWalker.scheduleWalkerLoop/<@resource://gre/modules/Promise.jsm -> resource://gre/modules/Promise-backend.js:746:1

*************************
*************************
A coding exception was thrown and uncaught in a Task.

Full message: TypeError: aAddon._installLocation is undefined
Full stack: shouldVerifySignedState@resource://gre/modules/addons/XPIProvider.jsm:1666:1
verifyZipSignedState@resource://gre/modules/addons/XPIProvider.jsm:1697:8
loadManifestFromZipReader<@resource://gre/modules/addons/XPIProvider.jsm:1430:29
TaskImpl_run@resource://gre/modules/Task.jsm:315:40
TaskImpl@resource://gre/modules/Task.jsm:276:3
createAsyncFunction/asyncFunction@resource://gre/modules/Task.jsm:250:14
loadManifestFromZipFile<@resource://gre/modules/addons/XPIProvider.jsm:1455:26
TaskImpl_run@resource://gre/modules/Task.jsm:315:40
TaskImpl@resource://gre/modules/Task.jsm:276:3
createAsyncFunction/asyncFunction@resource://gre/modules/Task.jsm:250:14
loadManifestFromFile@resource://gre/modules/addons/XPIProvider.jsm:1465:12
AddonInstaller.InstallerService._shouldInstall/<@resource://addoninstaller/installerService.js:341:49
safeCall@resource://gre/modules/AddonManager.jsm:179:5
makeSafe/<@resource://gre/modules/AddonManager.jsm:195:25
Handler.prototype.process@resource://gre/modules/Promise.jsm -> resource://gre/modules/Promise-backend.js:933:23
this.PromiseWalker.walkerLoop@resource://gre/modules/Promise.jsm -> resource://gre/modules/Promise-backend.js:812:7
this.PromiseWalker.scheduleWalkerLoop/<@resource://gre/modules/Promise.jsm -> resource://gre/modules/Promise-backend.js:746:1

*************************
1458021351265	addons.xpi	DEBUG	Calling bootstrap method shutdown on commonfix@mozillaonline.com version 0.13
console.error: commonfix: 
  Message: ReferenceError: reason is not defined
  Stack:
    exports.onUnload@resource://gre/modules/commonjs/toolkit/loader.js -> resource://commonfix-at-mozillaonline-dot-com/commonfix/lib/main.js:316:1
unload/<@resource://gre/modules/commonjs/toolkit/loader.js -> resource://gre/modules/commonjs/sdk/system/unload.js:58:7
unload@resource://gre/modules/commonjs/toolkit/loader.js -> resource://gre/modules/commonjs/sdk/system/unload.js:56:3
onunload@resource://gre/modules/commonjs/toolkit/loader.js -> resource://gre/modules/commonjs/sdk/system/unload.js:77:5
Observer<.observe@resource://gre/modules/commonjs/toolkit/loader.js -> resource://gre/modules/commonjs/sdk/system/events.js:81:7
unload@resource://gre/modules/commonjs/toolkit/loader.js:791:3
shutdown@resource://gre/modules/addons/XPIProvider.jsm -> jar:file:///C:/Users/zhoupp/AppData/Local/Temp/anonymous5977437387054190729webdriver-profile/extensions/commonfix@mozillaonline.com.xpi!/bootstrap.js:303:5
this.XPIProvider.callBootstrapMethod@resource://gre/modules/addons/XPIProvider.jsm:4658:9
this.XPIProvider.startup/<.observe@resource://gre/modules/addons/XPIProvider.jsm:2758:1

1458021351294	addons.xpi	DEBUG	Calling bootstrap method shutdown on wx-assistant@mozillaonline.com version 1.1.5
1458021351298	addons.xpi	DEBUG	Calling bootstrap method shutdown on loop@mozilla.org version 0.1
1458021351556	addons.manager	DEBUG	shutdown
1458021351556	addons.manager	DEBUG	Calling shutdown blocker for <unnamed-provider>
1458021351556	addons.manager	DEBUG	Calling shutdown blocker for XPIProvider
1458021351556	addons.xpi	DEBUG	shutdown
1458021351557	addons.xpi-utils	DEBUG	Updating add-on states
1458021351560	addons.xpi-utils	DEBUG	Writing add-ons list
1458021351564	addons.xpi-utils	DEBUG	shutdown
1458021351564	addons.manager	DEBUG	Calling shutdown blocker for LightweightThemeManager
1458021351564	addons.manager	DEBUG	Calling shutdown blocker for GMPProvider
1458021351566	addons.manager	DEBUG	Calling shutdown blocker for PluginProvider
1458021351567	addons.manager	DEBUG	Calling shutdown blocker for PreviousExperimentProvider
1458021351569	addons.xpi	DEBUG	Notifying XPI shutdown observers
1458021351572	addons.manager	DEBUG	Async provider shutdown done

Build info: version: '2.25.0', revision: '17482', time: '2012-07-18 21:08:56'
System info: os.name: 'Windows 7', os.arch: 'amd64', os.version: '6.1', java.version: '1.8.0_66'
Driver info: driver.version: FirefoxDriver
	at org.openqa.selenium.firefox.internal.NewProfileExtensionConnection.start(NewProfileExtensionConnection.java:121)
	at org.openqa.selenium.firefox.FirefoxDriver.startClient(FirefoxDriver.java:245)
	at org.openqa.selenium.remote.RemoteWebDriver.<init>(RemoteWebDriver.java:109)
	at org.openqa.selenium.firefox.FirefoxDriver.<init>(FirefoxDriver.java:185)
	at org.openqa.selenium.firefox.FirefoxDriver.<init>(FirefoxDriver.java:178)
	at org.openqa.selenium.firefox.FirefoxDriver.<init>(FirefoxDriver.java:174)
	at org.openqa.selenium.firefox.FirefoxDriver.<init>(FirefoxDriver.java:92)
	at com.zhou.autotest.DriverFactory.getFirefoxDriver(DriverFactory.java:97)
	at com.zhou.autotest.DriverFactory.getDriver(DriverFactory.java:138)
	at com.zhou.autotest.M1_fun_tv_home_cookiesAndLocalStorage.setUp(M1_fun_tv_home_cookiesAndLocalStorage.java:42)
	at sun.reflect.NativeMethodAccessorImpl.invoke0(Native Method)
	at sun.reflect.NativeMethodAccessorImpl.invoke(Unknown Source)
	at sun.reflect.DelegatingMethodAccessorImpl.invoke(Unknown Source)
	at java.lang.reflect.Method.invoke(Unknown Source)
	at org.testng.internal.MethodInvocationHelper.invokeMethod(MethodInvocationHelper.java:76)
	at org.testng.internal.Invoker.invokeConfigurationMethod(Invoker.java:525)
	at org.testng.internal.Invoker.invokeConfigurations(Invoker.java:202)
	at org.testng.internal.Invoker.invokeConfigurations(Invoker.java:130)
	at org.testng.SuiteRunner.privateRun(SuiteRunner.java:260)
	at org.testng.SuiteRunner.run(SuiteRunner.java:223)
	at org.testng.SuiteRunnerWorker.runSuite(SuiteRunnerWorker.java:52)
	at org.testng.SuiteRunnerWorker.run(SuiteRunnerWorker.java:86)
	at org.testng.TestNG.runSuitesSequentially(TestNG.java:1039)
	at org.testng.TestNG.runSuitesLocally(TestNG.java:964)
	at org.testng.TestNG.run(TestNG.java:900)
	at com.zhou.run.Run.main(Run.java:73)
Caused by: org.openqa.selenium.firefox.NotConnectedException: Unable to connect to host 127.0.0.1 on port 7055 after 45000 ms. Firefox console output:
e://gre/modules/Promise-backend.js:812:7
this.PromiseWalker.scheduleWalkerLoop/<@resource://gre/modules/Promise.jsm -> resource://gre/modules/Promise-backend.js:746:1

*************************
*************************
A coding exception was thrown and uncaught in a Task.

Full message: TypeError: aAddon._installLocation is undefined
Full stack: shouldVerifySignedState@resource://gre/modules/addons/XPIProvider.jsm:1666:1
verifyZipSignedState@resource://gre/modules/addons/XPIProvider.jsm:1697:8
loadManifestFromZipReader<@resource://gre/modules/addons/XPIProvider.jsm:1430:29
TaskImpl_run@resource://gre/modules/Task.jsm:315:40
TaskImpl@resource://gre/modules/Task.jsm:276:3
createAsyncFunction/asyncFunction@resource://gre/modules/Task.jsm:250:14
loadManifestFromZipFile<@resource://gre/modules/addons/XPIProvider.jsm:1455:26
TaskImpl_run@resource://gre/modules/Task.jsm:315:40
TaskImpl@resource://gre/modules/Task.jsm:276:3
createAsyncFunction/asyncFunction@resource://gre/modules/Task.jsm:250:14
loadManifestFromFile@resource://gre/modules/addons/XPIProvider.jsm:1465:12
AddonInstaller.InstallerService._shouldInstall/<@resource://addoninstaller/installerService.js:341:49
safeCall@resource://gre/modules/AddonManager.jsm:179:5
makeSafe/<@resource://gre/modules/AddonManager.jsm:195:25
Handler.prototype.process@resource://gre/modules/Promise.jsm -> resource://gre/modules/Promise-backend.js:933:23
this.PromiseWalker.walkerLoop@resource://gre/modules/Promise.jsm -> resource://gre/modules/Promise-backend.js:812:7
this.PromiseWalker.scheduleWalkerLoop/<@resource://gre/modules/Promise.jsm -> resource://gre/modules/Promise-backend.js:746:1

*************************
1458021351265	addons.xpi	DEBUG	Calling bootstrap method shutdown on commonfix@mozillaonline.com version 0.13
console.error: commonfix: 
  Message: ReferenceError: reason is not defined
  Stack:
    exports.onUnload@resource://gre/modules/commonjs/toolkit/loader.js -> resource://commonfix-at-mozillaonline-dot-com/commonfix/lib/main.js:316:1
unload/<@resource://gre/modules/commonjs/toolkit/loader.js -> resource://gre/modules/commonjs/sdk/system/unload.js:58:7
unload@resource://gre/modules/commonjs/toolkit/loader.js -> resource://gre/modules/commonjs/sdk/system/unload.js:56:3
onunload@resource://gre/modules/commonjs/toolkit/loader.js -> resource://gre/modules/commonjs/sdk/system/unload.js:77:5
Observer<.observe@resource://gre/modules/commonjs/toolkit/loader.js -> resource://gre/modules/commonjs/sdk/system/events.js:81:7
unload@resource://gre/modules/commonjs/toolkit/loader.js:791:3
shutdown@resource://gre/modules/addons/XPIProvider.jsm -> jar:file:///C:/Users/zhoupp/AppData/Local/Temp/anonymous5977437387054190729webdriver-profile/extensions/commonfix@mozillaonline.com.xpi!/bootstrap.js:303:5
this.XPIProvider.callBootstrapMethod@resource://gre/modules/addons/XPIProvider.jsm:4658:9
this.XPIProvider.startup/<.observe@resource://gre/modules/addons/XPIProvider.jsm:2758:1

1458021351294	addons.xpi	DEBUG	Calling bootstrap method shutdown on wx-assistant@mozillaonline.com version 1.1.5
1458021351298	addons.xpi	DEBUG	Calling bootstrap method shutdown on loop@mozilla.org version 0.1
1458021351556	addons.manager	DEBUG	shutdown
1458021351556	addons.manager	DEBUG	Calling shutdown blocker for <unnamed-provider>
1458021351556	addons.manager	DEBUG	Calling shutdown blocker for XPIProvider
1458021351556	addons.xpi	DEBUG	shutdown
1458021351557	addons.xpi-utils	DEBUG	Updating add-on states
1458021351560	addons.xpi-utils	DEBUG	Writing add-ons list
1458021351564	addons.xpi-utils	DEBUG	shutdown
1458021351564	addons.manager	DEBUG	Calling shutdown blocker for LightweightThemeManager
1458021351564	addons.manager	DEBUG	Calling shutdown blocker for GMPProvider
1458021351566	addons.manager	DEBUG	Calling shutdown blocker for PluginProvider
1458021351567	addons.manager	DEBUG	Calling shutdown blocker for PreviousExperimentProvider
1458021351569	addons.xpi	DEBUG	Notifying XPI shutdown observers
1458021351572	addons.manager	DEBUG	Async provider shutdown done

	at org.openqa.selenium.firefox.internal.NewProfileExtensionConnection.start(NewProfileExtensionConnection.java:109)
	... 25 more
]]>
    </failure>
  </testcase>
  <testcase name="testFUNCookies" time="0.001" classname="com.zhou.autotest.M1_fun_tv_home_cookiesAndLocalStorage">
    <failure type="org.openqa.selenium.WebDriverException" message="Failed to connect to binary FirefoxBinary(C:\Program Files (x86)\Mozilla Firefox\firefox.exe) on port 7055; process output follows: 
e://gre/modules/Promise-backend.js:812:7
this.PromiseWalker.scheduleWalkerLoop/&lt;@resource://gre/modules/Promise.jsm -&gt; resource://gre/modules/Promise-backend.js:746:1

*************************
*************************
A coding exception was thrown and uncaught in a Task.

Full message: TypeError: aAddon._installLocation is undefined
Full stack: shouldVerifySignedState@resource://gre/modules/addons/XPIProvider.jsm:1666:1
verifyZipSignedState@resource://gre/modules/addons/XPIProvider.jsm:1697:8
loadManifestFromZipReader&lt;@resource://gre/modules/addons/XPIProvider.jsm:1430:29
TaskImpl_run@resource://gre/modules/Task.jsm:315:40
TaskImpl@resource://gre/modules/Task.jsm:276:3
createAsyncFunction/asyncFunction@resource://gre/modules/Task.jsm:250:14
loadManifestFromZipFile&lt;@resource://gre/modules/addons/XPIProvider.jsm:1455:26
TaskImpl_run@resource://gre/modules/Task.jsm:315:40
TaskImpl@resource://gre/modules/Task.jsm:276:3
createAsyncFunction/asyncFunction@resource://gre/modules/Task.jsm:250:14
loadManifestFromFile@resource://gre/modules/addons/XPIProvider.jsm:1465:12
AddonInstaller.InstallerService._shouldInstall/&lt;@resource://addoninstaller/installerService.js:341:49
safeCall@resource://gre/modules/AddonManager.jsm:179:5
makeSafe/&lt;@resource://gre/modules/AddonManager.jsm:195:25
Handler.prototype.process@resource://gre/modules/Promise.jsm -&gt; resource://gre/modules/Promise-backend.js:933:23
this.PromiseWalker.walkerLoop@resource://gre/modules/Promise.jsm -&gt; resource://gre/modules/Promise-backend.js:812:7
this.PromiseWalker.scheduleWalkerLoop/&lt;@resource://gre/modules/Promise.jsm -&gt; resource://gre/modules/Promise-backend.js:746:1

*************************
1458021351265	addons.xpi	DEBUG	Calling bootstrap method shutdown on commonfix@mozillaonline.com version 0.13
console.error: commonfix: 
  Message: ReferenceError: reason is not defined
  Stack:
    exports.onUnload@resource://gre/modules/commonjs/toolkit/loader.js -&gt; resource://commonfix-at-mozillaonline-dot-com/commonfix/lib/main.js:316:1
unload/&lt;@resource://gre/modules/commonjs/toolkit/loader.js -&gt; resource://gre/modules/commonjs/sdk/system/unload.js:58:7
unload@resource://gre/modules/commonjs/toolkit/loader.js -&gt; resource://gre/modules/commonjs/sdk/system/unload.js:56:3
onunload@resource://gre/modules/commonjs/toolkit/loader.js -&gt; resource://gre/modules/commonjs/sdk/system/unload.js:77:5
Observer&lt;.observe@resource://gre/modules/commonjs/toolkit/loader.js -&gt; resource://gre/modules/commonjs/sdk/system/events.js:81:7
unload@resource://gre/modules/commonjs/toolkit/loader.js:791:3
shutdown@resource://gre/modules/addons/XPIProvider.jsm -&gt; jar:file:///C:/Users/zhoupp/AppData/Local/Temp/anonymous5977437387054190729webdriver-profile/extensions/commonfix@mozillaonline.com.xpi!/bootstrap.js:303:5
this.XPIProvider.callBootstrapMethod@resource://gre/modules/addons/XPIProvider.jsm:4658:9
this.XPIProvider.startup/&lt;.observe@resource://gre/modules/addons/XPIProvider.jsm:2758:1

1458021351294	addons.xpi	DEBUG	Calling bootstrap method shutdown on wx-assistant@mozillaonline.com version 1.1.5
1458021351298	addons.xpi	DEBUG	Calling bootstrap method shutdown on loop@mozilla.org version 0.1
1458021351556	addons.manager	DEBUG	shutdown
1458021351556	addons.manager	DEBUG	Calling shutdown blocker for &lt;unnamed-provider&gt;
1458021351556	addons.manager	DEBUG	Calling shutdown blocker for XPIProvider
1458021351556	addons.xpi	DEBUG	shutdown
1458021351557	addons.xpi-utils	DEBUG	Updating add-on states
1458021351560	addons.xpi-utils	DEBUG	Writing add-ons list
1458021351564	addons.xpi-utils	DEBUG	shutdown
1458021351564	addons.manager	DEBUG	Calling shutdown blocker for LightweightThemeManager
1458021351564	addons.manager	DEBUG	Calling shutdown blocker for GMPProvider
1458021351566	addons.manager	DEBUG	Calling shutdown blocker for PluginProvider
1458021351567	addons.manager	DEBUG	Calling shutdown blocker for PreviousExperimentProvider
1458021351569	addons.xpi	DEBUG	Notifying XPI shutdown observers
1458021351572	addons.manager	DEBUG	Async provider shutdown done

Build info: version: &#039;2.25.0&#039;, revision: &#039;17482&#039;, time: &#039;2012-07-18 21:08:56&#039;
System info: os.name: &#039;Windows 7&#039;, os.arch: &#039;amd64&#039;, os.version: &#039;6.1&#039;, java.version: &#039;1.8.0_66&#039;
Driver info: driver.version: FirefoxDriver">
      <![CDATA[org.openqa.selenium.WebDriverException: Failed to connect to binary FirefoxBinary(C:\Program Files (x86)\Mozilla Firefox\firefox.exe) on port 7055; process output follows: 
e://gre/modules/Promise-backend.js:812:7
this.PromiseWalker.scheduleWalkerLoop/<@resource://gre/modules/Promise.jsm -> resource://gre/modules/Promise-backend.js:746:1

*************************
*************************
A coding exception was thrown and uncaught in a Task.

Full message: TypeError: aAddon._installLocation is undefined
Full stack: shouldVerifySignedState@resource://gre/modules/addons/XPIProvider.jsm:1666:1
verifyZipSignedState@resource://gre/modules/addons/XPIProvider.jsm:1697:8
loadManifestFromZipReader<@resource://gre/modules/addons/XPIProvider.jsm:1430:29
TaskImpl_run@resource://gre/modules/Task.jsm:315:40
TaskImpl@resource://gre/modules/Task.jsm:276:3
createAsyncFunction/asyncFunction@resource://gre/modules/Task.jsm:250:14
loadManifestFromZipFile<@resource://gre/modules/addons/XPIProvider.jsm:1455:26
TaskImpl_run@resource://gre/modules/Task.jsm:315:40
TaskImpl@resource://gre/modules/Task.jsm:276:3
createAsyncFunction/asyncFunction@resource://gre/modules/Task.jsm:250:14
loadManifestFromFile@resource://gre/modules/addons/XPIProvider.jsm:1465:12
AddonInstaller.InstallerService._shouldInstall/<@resource://addoninstaller/installerService.js:341:49
safeCall@resource://gre/modules/AddonManager.jsm:179:5
makeSafe/<@resource://gre/modules/AddonManager.jsm:195:25
Handler.prototype.process@resource://gre/modules/Promise.jsm -> resource://gre/modules/Promise-backend.js:933:23
this.PromiseWalker.walkerLoop@resource://gre/modules/Promise.jsm -> resource://gre/modules/Promise-backend.js:812:7
this.PromiseWalker.scheduleWalkerLoop/<@resource://gre/modules/Promise.jsm -> resource://gre/modules/Promise-backend.js:746:1

*************************
1458021351265	addons.xpi	DEBUG	Calling bootstrap method shutdown on commonfix@mozillaonline.com version 0.13
console.error: commonfix: 
  Message: ReferenceError: reason is not defined
  Stack:
    exports.onUnload@resource://gre/modules/commonjs/toolkit/loader.js -> resource://commonfix-at-mozillaonline-dot-com/commonfix/lib/main.js:316:1
unload/<@resource://gre/modules/commonjs/toolkit/loader.js -> resource://gre/modules/commonjs/sdk/system/unload.js:58:7
unload@resource://gre/modules/commonjs/toolkit/loader.js -> resource://gre/modules/commonjs/sdk/system/unload.js:56:3
onunload@resource://gre/modules/commonjs/toolkit/loader.js -> resource://gre/modules/commonjs/sdk/system/unload.js:77:5
Observer<.observe@resource://gre/modules/commonjs/toolkit/loader.js -> resource://gre/modules/commonjs/sdk/system/events.js:81:7
unload@resource://gre/modules/commonjs/toolkit/loader.js:791:3
shutdown@resource://gre/modules/addons/XPIProvider.jsm -> jar:file:///C:/Users/zhoupp/AppData/Local/Temp/anonymous5977437387054190729webdriver-profile/extensions/commonfix@mozillaonline.com.xpi!/bootstrap.js:303:5
this.XPIProvider.callBootstrapMethod@resource://gre/modules/addons/XPIProvider.jsm:4658:9
this.XPIProvider.startup/<.observe@resource://gre/modules/addons/XPIProvider.jsm:2758:1

1458021351294	addons.xpi	DEBUG	Calling bootstrap method shutdown on wx-assistant@mozillaonline.com version 1.1.5
1458021351298	addons.xpi	DEBUG	Calling bootstrap method shutdown on loop@mozilla.org version 0.1
1458021351556	addons.manager	DEBUG	shutdown
1458021351556	addons.manager	DEBUG	Calling shutdown blocker for <unnamed-provider>
1458021351556	addons.manager	DEBUG	Calling shutdown blocker for XPIProvider
1458021351556	addons.xpi	DEBUG	shutdown
1458021351557	addons.xpi-utils	DEBUG	Updating add-on states
1458021351560	addons.xpi-utils	DEBUG	Writing add-ons list
1458021351564	addons.xpi-utils	DEBUG	shutdown
1458021351564	addons.manager	DEBUG	Calling shutdown blocker for LightweightThemeManager
1458021351564	addons.manager	DEBUG	Calling shutdown blocker for GMPProvider
1458021351566	addons.manager	DEBUG	Calling shutdown blocker for PluginProvider
1458021351567	addons.manager	DEBUG	Calling shutdown blocker for PreviousExperimentProvider
1458021351569	addons.xpi	DEBUG	Notifying XPI shutdown observers
1458021351572	addons.manager	DEBUG	Async provider shutdown done

Build info: version: '2.25.0', revision: '17482', time: '2012-07-18 21:08:56'
System info: os.name: 'Windows 7', os.arch: 'amd64', os.version: '6.1', java.version: '1.8.0_66'
Driver info: driver.version: FirefoxDriver
	at org.openqa.selenium.firefox.internal.NewProfileExtensionConnection.start(NewProfileExtensionConnection.java:121)
	at org.openqa.selenium.firefox.FirefoxDriver.startClient(FirefoxDriver.java:245)
	at org.openqa.selenium.remote.RemoteWebDriver.<init>(RemoteWebDriver.java:109)
	at org.openqa.selenium.firefox.FirefoxDriver.<init>(FirefoxDriver.java:185)
	at org.openqa.selenium.firefox.FirefoxDriver.<init>(FirefoxDriver.java:178)
	at org.openqa.selenium.firefox.FirefoxDriver.<init>(FirefoxDriver.java:174)
	at org.openqa.selenium.firefox.FirefoxDriver.<init>(FirefoxDriver.java:92)
	at com.zhou.autotest.DriverFactory.getFirefoxDriver(DriverFactory.java:97)
	at com.zhou.autotest.DriverFactory.getDriver(DriverFactory.java:138)
	at com.zhou.autotest.M1_fun_tv_home_cookiesAndLocalStorage.setUp(M1_fun_tv_home_cookiesAndLocalStorage.java:42)
	at sun.reflect.NativeMethodAccessorImpl.invoke0(Native Method)
	at sun.reflect.NativeMethodAccessorImpl.invoke(Unknown Source)
	at sun.reflect.DelegatingMethodAccessorImpl.invoke(Unknown Source)
	at java.lang.reflect.Method.invoke(Unknown Source)
	at org.testng.internal.MethodInvocationHelper.invokeMethod(MethodInvocationHelper.java:76)
	at org.testng.internal.Invoker.invokeConfigurationMethod(Invoker.java:525)
	at org.testng.internal.Invoker.invokeConfigurations(Invoker.java:202)
	at org.testng.internal.Invoker.invokeConfigurations(Invoker.java:130)
	at org.testng.SuiteRunner.privateRun(SuiteRunner.java:260)
	at org.testng.SuiteRunner.run(SuiteRunner.java:223)
	at org.testng.SuiteRunnerWorker.runSuite(SuiteRunnerWorker.java:52)
	at org.testng.SuiteRunnerWorker.run(SuiteRunnerWorker.java:86)
	at org.testng.TestNG.runSuitesSequentially(TestNG.java:1039)
	at org.testng.TestNG.runSuitesLocally(TestNG.java:964)
	at org.testng.TestNG.run(TestNG.java:900)
	at com.zhou.run.Run.main(Run.java:73)
Caused by: org.openqa.selenium.firefox.NotConnectedException: Unable to connect to host 127.0.0.1 on port 7055 after 45000 ms. Firefox console output:
e://gre/modules/Promise-backend.js:812:7
this.PromiseWalker.scheduleWalkerLoop/<@resource://gre/modules/Promise.jsm -> resource://gre/modules/Promise-backend.js:746:1

*************************
*************************
A coding exception was thrown and uncaught in a Task.

Full message: TypeError: aAddon._installLocation is undefined
Full stack: shouldVerifySignedState@resource://gre/modules/addons/XPIProvider.jsm:1666:1
verifyZipSignedState@resource://gre/modules/addons/XPIProvider.jsm:1697:8
loadManifestFromZipReader<@resource://gre/modules/addons/XPIProvider.jsm:1430:29
TaskImpl_run@resource://gre/modules/Task.jsm:315:40
TaskImpl@resource://gre/modules/Task.jsm:276:3
createAsyncFunction/asyncFunction@resource://gre/modules/Task.jsm:250:14
loadManifestFromZipFile<@resource://gre/modules/addons/XPIProvider.jsm:1455:26
TaskImpl_run@resource://gre/modules/Task.jsm:315:40
TaskImpl@resource://gre/modules/Task.jsm:276:3
createAsyncFunction/asyncFunction@resource://gre/modules/Task.jsm:250:14
loadManifestFromFile@resource://gre/modules/addons/XPIProvider.jsm:1465:12
AddonInstaller.InstallerService._shouldInstall/<@resource://addoninstaller/installerService.js:341:49
safeCall@resource://gre/modules/AddonManager.jsm:179:5
makeSafe/<@resource://gre/modules/AddonManager.jsm:195:25
Handler.prototype.process@resource://gre/modules/Promise.jsm -> resource://gre/modules/Promise-backend.js:933:23
this.PromiseWalker.walkerLoop@resource://gre/modules/Promise.jsm -> resource://gre/modules/Promise-backend.js:812:7
this.PromiseWalker.scheduleWalkerLoop/<@resource://gre/modules/Promise.jsm -> resource://gre/modules/Promise-backend.js:746:1

*************************
1458021351265	addons.xpi	DEBUG	Calling bootstrap method shutdown on commonfix@mozillaonline.com version 0.13
console.error: commonfix: 
  Message: ReferenceError: reason is not defined
  Stack:
    exports.onUnload@resource://gre/modules/commonjs/toolkit/loader.js -> resource://commonfix-at-mozillaonline-dot-com/commonfix/lib/main.js:316:1
unload/<@resource://gre/modules/commonjs/toolkit/loader.js -> resource://gre/modules/commonjs/sdk/system/unload.js:58:7
unload@resource://gre/modules/commonjs/toolkit/loader.js -> resource://gre/modules/commonjs/sdk/system/unload.js:56:3
onunload@resource://gre/modules/commonjs/toolkit/loader.js -> resource://gre/modules/commonjs/sdk/system/unload.js:77:5
Observer<.observe@resource://gre/modules/commonjs/toolkit/loader.js -> resource://gre/modules/commonjs/sdk/system/events.js:81:7
unload@resource://gre/modules/commonjs/toolkit/loader.js:791:3
shutdown@resource://gre/modules/addons/XPIProvider.jsm -> jar:file:///C:/Users/zhoupp/AppData/Local/Temp/anonymous5977437387054190729webdriver-profile/extensions/commonfix@mozillaonline.com.xpi!/bootstrap.js:303:5
this.XPIProvider.callBootstrapMethod@resource://gre/modules/addons/XPIProvider.jsm:4658:9
this.XPIProvider.startup/<.observe@resource://gre/modules/addons/XPIProvider.jsm:2758:1

1458021351294	addons.xpi	DEBUG	Calling bootstrap method shutdown on wx-assistant@mozillaonline.com version 1.1.5
1458021351298	addons.xpi	DEBUG	Calling bootstrap method shutdown on loop@mozilla.org version 0.1
1458021351556	addons.manager	DEBUG	shutdown
1458021351556	addons.manager	DEBUG	Calling shutdown blocker for <unnamed-provider>
1458021351556	addons.manager	DEBUG	Calling shutdown blocker for XPIProvider
1458021351556	addons.xpi	DEBUG	shutdown
1458021351557	addons.xpi-utils	DEBUG	Updating add-on states
1458021351560	addons.xpi-utils	DEBUG	Writing add-ons list
1458021351564	addons.xpi-utils	DEBUG	shutdown
1458021351564	addons.manager	DEBUG	Calling shutdown blocker for LightweightThemeManager
1458021351564	addons.manager	DEBUG	Calling shutdown blocker for GMPProvider
1458021351566	addons.manager	DEBUG	Calling shutdown blocker for PluginProvider
1458021351567	addons.manager	DEBUG	Calling shutdown blocker for PreviousExperimentProvider
1458021351569	addons.xpi	DEBUG	Notifying XPI shutdown observers
1458021351572	addons.manager	DEBUG	Async provider shutdown done

	at org.openqa.selenium.firefox.internal.NewProfileExtensionConnection.start(NewProfileExtensionConnection.java:109)
	... 25 more
]]>
    </failure>
  </testcase>
  <testcase name="testFUNLocalstorage" time="0.000" classname="com.zhou.autotest.M1_fun_tv_home_cookiesAndLocalStorage">
    <failure type="org.openqa.selenium.WebDriverException" message="Failed to connect to binary FirefoxBinary(C:\Program Files (x86)\Mozilla Firefox\firefox.exe) on port 7055; process output follows: 
e://gre/modules/Promise-backend.js:812:7
this.PromiseWalker.scheduleWalkerLoop/&lt;@resource://gre/modules/Promise.jsm -&gt; resource://gre/modules/Promise-backend.js:746:1

*************************
*************************
A coding exception was thrown and uncaught in a Task.

Full message: TypeError: aAddon._installLocation is undefined
Full stack: shouldVerifySignedState@resource://gre/modules/addons/XPIProvider.jsm:1666:1
verifyZipSignedState@resource://gre/modules/addons/XPIProvider.jsm:1697:8
loadManifestFromZipReader&lt;@resource://gre/modules/addons/XPIProvider.jsm:1430:29
TaskImpl_run@resource://gre/modules/Task.jsm:315:40
TaskImpl@resource://gre/modules/Task.jsm:276:3
createAsyncFunction/asyncFunction@resource://gre/modules/Task.jsm:250:14
loadManifestFromZipFile&lt;@resource://gre/modules/addons/XPIProvider.jsm:1455:26
TaskImpl_run@resource://gre/modules/Task.jsm:315:40
TaskImpl@resource://gre/modules/Task.jsm:276:3
createAsyncFunction/asyncFunction@resource://gre/modules/Task.jsm:250:14
loadManifestFromFile@resource://gre/modules/addons/XPIProvider.jsm:1465:12
AddonInstaller.InstallerService._shouldInstall/&lt;@resource://addoninstaller/installerService.js:341:49
safeCall@resource://gre/modules/AddonManager.jsm:179:5
makeSafe/&lt;@resource://gre/modules/AddonManager.jsm:195:25
Handler.prototype.process@resource://gre/modules/Promise.jsm -&gt; resource://gre/modules/Promise-backend.js:933:23
this.PromiseWalker.walkerLoop@resource://gre/modules/Promise.jsm -&gt; resource://gre/modules/Promise-backend.js:812:7
this.PromiseWalker.scheduleWalkerLoop/&lt;@resource://gre/modules/Promise.jsm -&gt; resource://gre/modules/Promise-backend.js:746:1

*************************
1458021351265	addons.xpi	DEBUG	Calling bootstrap method shutdown on commonfix@mozillaonline.com version 0.13
console.error: commonfix: 
  Message: ReferenceError: reason is not defined
  Stack:
    exports.onUnload@resource://gre/modules/commonjs/toolkit/loader.js -&gt; resource://commonfix-at-mozillaonline-dot-com/commonfix/lib/main.js:316:1
unload/&lt;@resource://gre/modules/commonjs/toolkit/loader.js -&gt; resource://gre/modules/commonjs/sdk/system/unload.js:58:7
unload@resource://gre/modules/commonjs/toolkit/loader.js -&gt; resource://gre/modules/commonjs/sdk/system/unload.js:56:3
onunload@resource://gre/modules/commonjs/toolkit/loader.js -&gt; resource://gre/modules/commonjs/sdk/system/unload.js:77:5
Observer&lt;.observe@resource://gre/modules/commonjs/toolkit/loader.js -&gt; resource://gre/modules/commonjs/sdk/system/events.js:81:7
unload@resource://gre/modules/commonjs/toolkit/loader.js:791:3
shutdown@resource://gre/modules/addons/XPIProvider.jsm -&gt; jar:file:///C:/Users/zhoupp/AppData/Local/Temp/anonymous5977437387054190729webdriver-profile/extensions/commonfix@mozillaonline.com.xpi!/bootstrap.js:303:5
this.XPIProvider.callBootstrapMethod@resource://gre/modules/addons/XPIProvider.jsm:4658:9
this.XPIProvider.startup/&lt;.observe@resource://gre/modules/addons/XPIProvider.jsm:2758:1

1458021351294	addons.xpi	DEBUG	Calling bootstrap method shutdown on wx-assistant@mozillaonline.com version 1.1.5
1458021351298	addons.xpi	DEBUG	Calling bootstrap method shutdown on loop@mozilla.org version 0.1
1458021351556	addons.manager	DEBUG	shutdown
1458021351556	addons.manager	DEBUG	Calling shutdown blocker for &lt;unnamed-provider&gt;
1458021351556	addons.manager	DEBUG	Calling shutdown blocker for XPIProvider
1458021351556	addons.xpi	DEBUG	shutdown
1458021351557	addons.xpi-utils	DEBUG	Updating add-on states
1458021351560	addons.xpi-utils	DEBUG	Writing add-ons list
1458021351564	addons.xpi-utils	DEBUG	shutdown
1458021351564	addons.manager	DEBUG	Calling shutdown blocker for LightweightThemeManager
1458021351564	addons.manager	DEBUG	Calling shutdown blocker for GMPProvider
1458021351566	addons.manager	DEBUG	Calling shutdown blocker for PluginProvider
1458021351567	addons.manager	DEBUG	Calling shutdown blocker for PreviousExperimentProvider
1458021351569	addons.xpi	DEBUG	Notifying XPI shutdown observers
1458021351572	addons.manager	DEBUG	Async provider shutdown done

Build info: version: &#039;2.25.0&#039;, revision: &#039;17482&#039;, time: &#039;2012-07-18 21:08:56&#039;
System info: os.name: &#039;Windows 7&#039;, os.arch: &#039;amd64&#039;, os.version: &#039;6.1&#039;, java.version: &#039;1.8.0_66&#039;
Driver info: driver.version: FirefoxDriver">
      <![CDATA[org.openqa.selenium.WebDriverException: Failed to connect to binary FirefoxBinary(C:\Program Files (x86)\Mozilla Firefox\firefox.exe) on port 7055; process output follows: 
e://gre/modules/Promise-backend.js:812:7
this.PromiseWalker.scheduleWalkerLoop/<@resource://gre/modules/Promise.jsm -> resource://gre/modules/Promise-backend.js:746:1

*************************
*************************
A coding exception was thrown and uncaught in a Task.

Full message: TypeError: aAddon._installLocation is undefined
Full stack: shouldVerifySignedState@resource://gre/modules/addons/XPIProvider.jsm:1666:1
verifyZipSignedState@resource://gre/modules/addons/XPIProvider.jsm:1697:8
loadManifestFromZipReader<@resource://gre/modules/addons/XPIProvider.jsm:1430:29
TaskImpl_run@resource://gre/modules/Task.jsm:315:40
TaskImpl@resource://gre/modules/Task.jsm:276:3
createAsyncFunction/asyncFunction@resource://gre/modules/Task.jsm:250:14
loadManifestFromZipFile<@resource://gre/modules/addons/XPIProvider.jsm:1455:26
TaskImpl_run@resource://gre/modules/Task.jsm:315:40
TaskImpl@resource://gre/modules/Task.jsm:276:3
createAsyncFunction/asyncFunction@resource://gre/modules/Task.jsm:250:14
loadManifestFromFile@resource://gre/modules/addons/XPIProvider.jsm:1465:12
AddonInstaller.InstallerService._shouldInstall/<@resource://addoninstaller/installerService.js:341:49
safeCall@resource://gre/modules/AddonManager.jsm:179:5
makeSafe/<@resource://gre/modules/AddonManager.jsm:195:25
Handler.prototype.process@resource://gre/modules/Promise.jsm -> resource://gre/modules/Promise-backend.js:933:23
this.PromiseWalker.walkerLoop@resource://gre/modules/Promise.jsm -> resource://gre/modules/Promise-backend.js:812:7
this.PromiseWalker.scheduleWalkerLoop/<@resource://gre/modules/Promise.jsm -> resource://gre/modules/Promise-backend.js:746:1

*************************
1458021351265	addons.xpi	DEBUG	Calling bootstrap method shutdown on commonfix@mozillaonline.com version 0.13
console.error: commonfix: 
  Message: ReferenceError: reason is not defined
  Stack:
    exports.onUnload@resource://gre/modules/commonjs/toolkit/loader.js -> resource://commonfix-at-mozillaonline-dot-com/commonfix/lib/main.js:316:1
unload/<@resource://gre/modules/commonjs/toolkit/loader.js -> resource://gre/modules/commonjs/sdk/system/unload.js:58:7
unload@resource://gre/modules/commonjs/toolkit/loader.js -> resource://gre/modules/commonjs/sdk/system/unload.js:56:3
onunload@resource://gre/modules/commonjs/toolkit/loader.js -> resource://gre/modules/commonjs/sdk/system/unload.js:77:5
Observer<.observe@resource://gre/modules/commonjs/toolkit/loader.js -> resource://gre/modules/commonjs/sdk/system/events.js:81:7
unload@resource://gre/modules/commonjs/toolkit/loader.js:791:3
shutdown@resource://gre/modules/addons/XPIProvider.jsm -> jar:file:///C:/Users/zhoupp/AppData/Local/Temp/anonymous5977437387054190729webdriver-profile/extensions/commonfix@mozillaonline.com.xpi!/bootstrap.js:303:5
this.XPIProvider.callBootstrapMethod@resource://gre/modules/addons/XPIProvider.jsm:4658:9
this.XPIProvider.startup/<.observe@resource://gre/modules/addons/XPIProvider.jsm:2758:1

1458021351294	addons.xpi	DEBUG	Calling bootstrap method shutdown on wx-assistant@mozillaonline.com version 1.1.5
1458021351298	addons.xpi	DEBUG	Calling bootstrap method shutdown on loop@mozilla.org version 0.1
1458021351556	addons.manager	DEBUG	shutdown
1458021351556	addons.manager	DEBUG	Calling shutdown blocker for <unnamed-provider>
1458021351556	addons.manager	DEBUG	Calling shutdown blocker for XPIProvider
1458021351556	addons.xpi	DEBUG	shutdown
1458021351557	addons.xpi-utils	DEBUG	Updating add-on states
1458021351560	addons.xpi-utils	DEBUG	Writing add-ons list
1458021351564	addons.xpi-utils	DEBUG	shutdown
1458021351564	addons.manager	DEBUG	Calling shutdown blocker for LightweightThemeManager
1458021351564	addons.manager	DEBUG	Calling shutdown blocker for GMPProvider
1458021351566	addons.manager	DEBUG	Calling shutdown blocker for PluginProvider
1458021351567	addons.manager	DEBUG	Calling shutdown blocker for PreviousExperimentProvider
1458021351569	addons.xpi	DEBUG	Notifying XPI shutdown observers
1458021351572	addons.manager	DEBUG	Async provider shutdown done

Build info: version: '2.25.0', revision: '17482', time: '2012-07-18 21:08:56'
System info: os.name: 'Windows 7', os.arch: 'amd64', os.version: '6.1', java.version: '1.8.0_66'
Driver info: driver.version: FirefoxDriver
	at org.openqa.selenium.firefox.internal.NewProfileExtensionConnection.start(NewProfileExtensionConnection.java:121)
	at org.openqa.selenium.firefox.FirefoxDriver.startClient(FirefoxDriver.java:245)
	at org.openqa.selenium.remote.RemoteWebDriver.<init>(RemoteWebDriver.java:109)
	at org.openqa.selenium.firefox.FirefoxDriver.<init>(FirefoxDriver.java:185)
	at org.openqa.selenium.firefox.FirefoxDriver.<init>(FirefoxDriver.java:178)
	at org.openqa.selenium.firefox.FirefoxDriver.<init>(FirefoxDriver.java:174)
	at org.openqa.selenium.firefox.FirefoxDriver.<init>(FirefoxDriver.java:92)
	at com.zhou.autotest.DriverFactory.getFirefoxDriver(DriverFactory.java:97)
	at com.zhou.autotest.DriverFactory.getDriver(DriverFactory.java:138)
	at com.zhou.autotest.M1_fun_tv_home_cookiesAndLocalStorage.setUp(M1_fun_tv_home_cookiesAndLocalStorage.java:42)
	at sun.reflect.NativeMethodAccessorImpl.invoke0(Native Method)
	at sun.reflect.NativeMethodAccessorImpl.invoke(Unknown Source)
	at sun.reflect.DelegatingMethodAccessorImpl.invoke(Unknown Source)
	at java.lang.reflect.Method.invoke(Unknown Source)
	at org.testng.internal.MethodInvocationHelper.invokeMethod(MethodInvocationHelper.java:76)
	at org.testng.internal.Invoker.invokeConfigurationMethod(Invoker.java:525)
	at org.testng.internal.Invoker.invokeConfigurations(Invoker.java:202)
	at org.testng.internal.Invoker.invokeConfigurations(Invoker.java:130)
	at org.testng.SuiteRunner.privateRun(SuiteRunner.java:260)
	at org.testng.SuiteRunner.run(SuiteRunner.java:223)
	at org.testng.SuiteRunnerWorker.runSuite(SuiteRunnerWorker.java:52)
	at org.testng.SuiteRunnerWorker.run(SuiteRunnerWorker.java:86)
	at org.testng.TestNG.runSuitesSequentially(TestNG.java:1039)
	at org.testng.TestNG.runSuitesLocally(TestNG.java:964)
	at org.testng.TestNG.run(TestNG.java:900)
	at com.zhou.run.Run.main(Run.java:73)
Caused by: org.openqa.selenium.firefox.NotConnectedException: Unable to connect to host 127.0.0.1 on port 7055 after 45000 ms. Firefox console output:
e://gre/modules/Promise-backend.js:812:7
this.PromiseWalker.scheduleWalkerLoop/<@resource://gre/modules/Promise.jsm -> resource://gre/modules/Promise-backend.js:746:1

*************************
*************************
A coding exception was thrown and uncaught in a Task.

Full message: TypeError: aAddon._installLocation is undefined
Full stack: shouldVerifySignedState@resource://gre/modules/addons/XPIProvider.jsm:1666:1
verifyZipSignedState@resource://gre/modules/addons/XPIProvider.jsm:1697:8
loadManifestFromZipReader<@resource://gre/modules/addons/XPIProvider.jsm:1430:29
TaskImpl_run@resource://gre/modules/Task.jsm:315:40
TaskImpl@resource://gre/modules/Task.jsm:276:3
createAsyncFunction/asyncFunction@resource://gre/modules/Task.jsm:250:14
loadManifestFromZipFile<@resource://gre/modules/addons/XPIProvider.jsm:1455:26
TaskImpl_run@resource://gre/modules/Task.jsm:315:40
TaskImpl@resource://gre/modules/Task.jsm:276:3
createAsyncFunction/asyncFunction@resource://gre/modules/Task.jsm:250:14
loadManifestFromFile@resource://gre/modules/addons/XPIProvider.jsm:1465:12
AddonInstaller.InstallerService._shouldInstall/<@resource://addoninstaller/installerService.js:341:49
safeCall@resource://gre/modules/AddonManager.jsm:179:5
makeSafe/<@resource://gre/modules/AddonManager.jsm:195:25
Handler.prototype.process@resource://gre/modules/Promise.jsm -> resource://gre/modules/Promise-backend.js:933:23
this.PromiseWalker.walkerLoop@resource://gre/modules/Promise.jsm -> resource://gre/modules/Promise-backend.js:812:7
this.PromiseWalker.scheduleWalkerLoop/<@resource://gre/modules/Promise.jsm -> resource://gre/modules/Promise-backend.js:746:1

*************************
1458021351265	addons.xpi	DEBUG	Calling bootstrap method shutdown on commonfix@mozillaonline.com version 0.13
console.error: commonfix: 
  Message: ReferenceError: reason is not defined
  Stack:
    exports.onUnload@resource://gre/modules/commonjs/toolkit/loader.js -> resource://commonfix-at-mozillaonline-dot-com/commonfix/lib/main.js:316:1
unload/<@resource://gre/modules/commonjs/toolkit/loader.js -> resource://gre/modules/commonjs/sdk/system/unload.js:58:7
unload@resource://gre/modules/commonjs/toolkit/loader.js -> resource://gre/modules/commonjs/sdk/system/unload.js:56:3
onunload@resource://gre/modules/commonjs/toolkit/loader.js -> resource://gre/modules/commonjs/sdk/system/unload.js:77:5
Observer<.observe@resource://gre/modules/commonjs/toolkit/loader.js -> resource://gre/modules/commonjs/sdk/system/events.js:81:7
unload@resource://gre/modules/commonjs/toolkit/loader.js:791:3
shutdown@resource://gre/modules/addons/XPIProvider.jsm -> jar:file:///C:/Users/zhoupp/AppData/Local/Temp/anonymous5977437387054190729webdriver-profile/extensions/commonfix@mozillaonline.com.xpi!/bootstrap.js:303:5
this.XPIProvider.callBootstrapMethod@resource://gre/modules/addons/XPIProvider.jsm:4658:9
this.XPIProvider.startup/<.observe@resource://gre/modules/addons/XPIProvider.jsm:2758:1

1458021351294	addons.xpi	DEBUG	Calling bootstrap method shutdown on wx-assistant@mozillaonline.com version 1.1.5
1458021351298	addons.xpi	DEBUG	Calling bootstrap method shutdown on loop@mozilla.org version 0.1
1458021351556	addons.manager	DEBUG	shutdown
1458021351556	addons.manager	DEBUG	Calling shutdown blocker for <unnamed-provider>
1458021351556	addons.manager	DEBUG	Calling shutdown blocker for XPIProvider
1458021351556	addons.xpi	DEBUG	shutdown
1458021351557	addons.xpi-utils	DEBUG	Updating add-on states
1458021351560	addons.xpi-utils	DEBUG	Writing add-ons list
1458021351564	addons.xpi-utils	DEBUG	shutdown
1458021351564	addons.manager	DEBUG	Calling shutdown blocker for LightweightThemeManager
1458021351564	addons.manager	DEBUG	Calling shutdown blocker for GMPProvider
1458021351566	addons.manager	DEBUG	Calling shutdown blocker for PluginProvider
1458021351567	addons.manager	DEBUG	Calling shutdown blocker for PreviousExperimentProvider
1458021351569	addons.xpi	DEBUG	Notifying XPI shutdown observers
1458021351572	addons.manager	DEBUG	Async provider shutdown done

	at org.openqa.selenium.firefox.internal.NewProfileExtensionConnection.start(NewProfileExtensionConnection.java:109)
	... 25 more
]]>
    </failure>
  </testcase>
  <testcase name="testClearCookie" time="0.000" classname="com.zhou.autotest.M1_fun_tv_home_cookiesAndLocalStorage">
    <failure type="org.openqa.selenium.WebDriverException" message="Failed to connect to binary FirefoxBinary(C:\Program Files (x86)\Mozilla Firefox\firefox.exe) on port 7055; process output follows: 
e://gre/modules/Promise-backend.js:812:7
this.PromiseWalker.scheduleWalkerLoop/&lt;@resource://gre/modules/Promise.jsm -&gt; resource://gre/modules/Promise-backend.js:746:1

*************************
*************************
A coding exception was thrown and uncaught in a Task.

Full message: TypeError: aAddon._installLocation is undefined
Full stack: shouldVerifySignedState@resource://gre/modules/addons/XPIProvider.jsm:1666:1
verifyZipSignedState@resource://gre/modules/addons/XPIProvider.jsm:1697:8
loadManifestFromZipReader&lt;@resource://gre/modules/addons/XPIProvider.jsm:1430:29
TaskImpl_run@resource://gre/modules/Task.jsm:315:40
TaskImpl@resource://gre/modules/Task.jsm:276:3
createAsyncFunction/asyncFunction@resource://gre/modules/Task.jsm:250:14
loadManifestFromZipFile&lt;@resource://gre/modules/addons/XPIProvider.jsm:1455:26
TaskImpl_run@resource://gre/modules/Task.jsm:315:40
TaskImpl@resource://gre/modules/Task.jsm:276:3
createAsyncFunction/asyncFunction@resource://gre/modules/Task.jsm:250:14
loadManifestFromFile@resource://gre/modules/addons/XPIProvider.jsm:1465:12
AddonInstaller.InstallerService._shouldInstall/&lt;@resource://addoninstaller/installerService.js:341:49
safeCall@resource://gre/modules/AddonManager.jsm:179:5
makeSafe/&lt;@resource://gre/modules/AddonManager.jsm:195:25
Handler.prototype.process@resource://gre/modules/Promise.jsm -&gt; resource://gre/modules/Promise-backend.js:933:23
this.PromiseWalker.walkerLoop@resource://gre/modules/Promise.jsm -&gt; resource://gre/modules/Promise-backend.js:812:7
this.PromiseWalker.scheduleWalkerLoop/&lt;@resource://gre/modules/Promise.jsm -&gt; resource://gre/modules/Promise-backend.js:746:1

*************************
1458021351265	addons.xpi	DEBUG	Calling bootstrap method shutdown on commonfix@mozillaonline.com version 0.13
console.error: commonfix: 
  Message: ReferenceError: reason is not defined
  Stack:
    exports.onUnload@resource://gre/modules/commonjs/toolkit/loader.js -&gt; resource://commonfix-at-mozillaonline-dot-com/commonfix/lib/main.js:316:1
unload/&lt;@resource://gre/modules/commonjs/toolkit/loader.js -&gt; resource://gre/modules/commonjs/sdk/system/unload.js:58:7
unload@resource://gre/modules/commonjs/toolkit/loader.js -&gt; resource://gre/modules/commonjs/sdk/system/unload.js:56:3
onunload@resource://gre/modules/commonjs/toolkit/loader.js -&gt; resource://gre/modules/commonjs/sdk/system/unload.js:77:5
Observer&lt;.observe@resource://gre/modules/commonjs/toolkit/loader.js -&gt; resource://gre/modules/commonjs/sdk/system/events.js:81:7
unload@resource://gre/modules/commonjs/toolkit/loader.js:791:3
shutdown@resource://gre/modules/addons/XPIProvider.jsm -&gt; jar:file:///C:/Users/zhoupp/AppData/Local/Temp/anonymous5977437387054190729webdriver-profile/extensions/commonfix@mozillaonline.com.xpi!/bootstrap.js:303:5
this.XPIProvider.callBootstrapMethod@resource://gre/modules/addons/XPIProvider.jsm:4658:9
this.XPIProvider.startup/&lt;.observe@resource://gre/modules/addons/XPIProvider.jsm:2758:1

1458021351294	addons.xpi	DEBUG	Calling bootstrap method shutdown on wx-assistant@mozillaonline.com version 1.1.5
1458021351298	addons.xpi	DEBUG	Calling bootstrap method shutdown on loop@mozilla.org version 0.1
1458021351556	addons.manager	DEBUG	shutdown
1458021351556	addons.manager	DEBUG	Calling shutdown blocker for &lt;unnamed-provider&gt;
1458021351556	addons.manager	DEBUG	Calling shutdown blocker for XPIProvider
1458021351556	addons.xpi	DEBUG	shutdown
1458021351557	addons.xpi-utils	DEBUG	Updating add-on states
1458021351560	addons.xpi-utils	DEBUG	Writing add-ons list
1458021351564	addons.xpi-utils	DEBUG	shutdown
1458021351564	addons.manager	DEBUG	Calling shutdown blocker for LightweightThemeManager
1458021351564	addons.manager	DEBUG	Calling shutdown blocker for GMPProvider
1458021351566	addons.manager	DEBUG	Calling shutdown blocker for PluginProvider
1458021351567	addons.manager	DEBUG	Calling shutdown blocker for PreviousExperimentProvider
1458021351569	addons.xpi	DEBUG	Notifying XPI shutdown observers
1458021351572	addons.manager	DEBUG	Async provider shutdown done

Build info: version: &#039;2.25.0&#039;, revision: &#039;17482&#039;, time: &#039;2012-07-18 21:08:56&#039;
System info: os.name: &#039;Windows 7&#039;, os.arch: &#039;amd64&#039;, os.version: &#039;6.1&#039;, java.version: &#039;1.8.0_66&#039;
Driver info: driver.version: FirefoxDriver">
      <![CDATA[org.openqa.selenium.WebDriverException: Failed to connect to binary FirefoxBinary(C:\Program Files (x86)\Mozilla Firefox\firefox.exe) on port 7055; process output follows: 
e://gre/modules/Promise-backend.js:812:7
this.PromiseWalker.scheduleWalkerLoop/<@resource://gre/modules/Promise.jsm -> resource://gre/modules/Promise-backend.js:746:1

*************************
*************************
A coding exception was thrown and uncaught in a Task.

Full message: TypeError: aAddon._installLocation is undefined
Full stack: shouldVerifySignedState@resource://gre/modules/addons/XPIProvider.jsm:1666:1
verifyZipSignedState@resource://gre/modules/addons/XPIProvider.jsm:1697:8
loadManifestFromZipReader<@resource://gre/modules/addons/XPIProvider.jsm:1430:29
TaskImpl_run@resource://gre/modules/Task.jsm:315:40
TaskImpl@resource://gre/modules/Task.jsm:276:3
createAsyncFunction/asyncFunction@resource://gre/modules/Task.jsm:250:14
loadManifestFromZipFile<@resource://gre/modules/addons/XPIProvider.jsm:1455:26
TaskImpl_run@resource://gre/modules/Task.jsm:315:40
TaskImpl@resource://gre/modules/Task.jsm:276:3
createAsyncFunction/asyncFunction@resource://gre/modules/Task.jsm:250:14
loadManifestFromFile@resource://gre/modules/addons/XPIProvider.jsm:1465:12
AddonInstaller.InstallerService._shouldInstall/<@resource://addoninstaller/installerService.js:341:49
safeCall@resource://gre/modules/AddonManager.jsm:179:5
makeSafe/<@resource://gre/modules/AddonManager.jsm:195:25
Handler.prototype.process@resource://gre/modules/Promise.jsm -> resource://gre/modules/Promise-backend.js:933:23
this.PromiseWalker.walkerLoop@resource://gre/modules/Promise.jsm -> resource://gre/modules/Promise-backend.js:812:7
this.PromiseWalker.scheduleWalkerLoop/<@resource://gre/modules/Promise.jsm -> resource://gre/modules/Promise-backend.js:746:1

*************************
1458021351265	addons.xpi	DEBUG	Calling bootstrap method shutdown on commonfix@mozillaonline.com version 0.13
console.error: commonfix: 
  Message: ReferenceError: reason is not defined
  Stack:
    exports.onUnload@resource://gre/modules/commonjs/toolkit/loader.js -> resource://commonfix-at-mozillaonline-dot-com/commonfix/lib/main.js:316:1
unload/<@resource://gre/modules/commonjs/toolkit/loader.js -> resource://gre/modules/commonjs/sdk/system/unload.js:58:7
unload@resource://gre/modules/commonjs/toolkit/loader.js -> resource://gre/modules/commonjs/sdk/system/unload.js:56:3
onunload@resource://gre/modules/commonjs/toolkit/loader.js -> resource://gre/modules/commonjs/sdk/system/unload.js:77:5
Observer<.observe@resource://gre/modules/commonjs/toolkit/loader.js -> resource://gre/modules/commonjs/sdk/system/events.js:81:7
unload@resource://gre/modules/commonjs/toolkit/loader.js:791:3
shutdown@resource://gre/modules/addons/XPIProvider.jsm -> jar:file:///C:/Users/zhoupp/AppData/Local/Temp/anonymous5977437387054190729webdriver-profile/extensions/commonfix@mozillaonline.com.xpi!/bootstrap.js:303:5
this.XPIProvider.callBootstrapMethod@resource://gre/modules/addons/XPIProvider.jsm:4658:9
this.XPIProvider.startup/<.observe@resource://gre/modules/addons/XPIProvider.jsm:2758:1

1458021351294	addons.xpi	DEBUG	Calling bootstrap method shutdown on wx-assistant@mozillaonline.com version 1.1.5
1458021351298	addons.xpi	DEBUG	Calling bootstrap method shutdown on loop@mozilla.org version 0.1
1458021351556	addons.manager	DEBUG	shutdown
1458021351556	addons.manager	DEBUG	Calling shutdown blocker for <unnamed-provider>
1458021351556	addons.manager	DEBUG	Calling shutdown blocker for XPIProvider
1458021351556	addons.xpi	DEBUG	shutdown
1458021351557	addons.xpi-utils	DEBUG	Updating add-on states
1458021351560	addons.xpi-utils	DEBUG	Writing add-ons list
1458021351564	addons.xpi-utils	DEBUG	shutdown
1458021351564	addons.manager	DEBUG	Calling shutdown blocker for LightweightThemeManager
1458021351564	addons.manager	DEBUG	Calling shutdown blocker for GMPProvider
1458021351566	addons.manager	DEBUG	Calling shutdown blocker for PluginProvider
1458021351567	addons.manager	DEBUG	Calling shutdown blocker for PreviousExperimentProvider
1458021351569	addons.xpi	DEBUG	Notifying XPI shutdown observers
1458021351572	addons.manager	DEBUG	Async provider shutdown done

Build info: version: '2.25.0', revision: '17482', time: '2012-07-18 21:08:56'
System info: os.name: 'Windows 7', os.arch: 'amd64', os.version: '6.1', java.version: '1.8.0_66'
Driver info: driver.version: FirefoxDriver
	at org.openqa.selenium.firefox.internal.NewProfileExtensionConnection.start(NewProfileExtensionConnection.java:121)
	at org.openqa.selenium.firefox.FirefoxDriver.startClient(FirefoxDriver.java:245)
	at org.openqa.selenium.remote.RemoteWebDriver.<init>(RemoteWebDriver.java:109)
	at org.openqa.selenium.firefox.FirefoxDriver.<init>(FirefoxDriver.java:185)
	at org.openqa.selenium.firefox.FirefoxDriver.<init>(FirefoxDriver.java:178)
	at org.openqa.selenium.firefox.FirefoxDriver.<init>(FirefoxDriver.java:174)
	at org.openqa.selenium.firefox.FirefoxDriver.<init>(FirefoxDriver.java:92)
	at com.zhou.autotest.DriverFactory.getFirefoxDriver(DriverFactory.java:97)
	at com.zhou.autotest.DriverFactory.getDriver(DriverFactory.java:138)
	at com.zhou.autotest.M1_fun_tv_home_cookiesAndLocalStorage.setUp(M1_fun_tv_home_cookiesAndLocalStorage.java:42)
	at sun.reflect.NativeMethodAccessorImpl.invoke0(Native Method)
	at sun.reflect.NativeMethodAccessorImpl.invoke(Unknown Source)
	at sun.reflect.DelegatingMethodAccessorImpl.invoke(Unknown Source)
	at java.lang.reflect.Method.invoke(Unknown Source)
	at org.testng.internal.MethodInvocationHelper.invokeMethod(MethodInvocationHelper.java:76)
	at org.testng.internal.Invoker.invokeConfigurationMethod(Invoker.java:525)
	at org.testng.internal.Invoker.invokeConfigurations(Invoker.java:202)
	at org.testng.internal.Invoker.invokeConfigurations(Invoker.java:130)
	at org.testng.SuiteRunner.privateRun(SuiteRunner.java:260)
	at org.testng.SuiteRunner.run(SuiteRunner.java:223)
	at org.testng.SuiteRunnerWorker.runSuite(SuiteRunnerWorker.java:52)
	at org.testng.SuiteRunnerWorker.run(SuiteRunnerWorker.java:86)
	at org.testng.TestNG.runSuitesSequentially(TestNG.java:1039)
	at org.testng.TestNG.runSuitesLocally(TestNG.java:964)
	at org.testng.TestNG.run(TestNG.java:900)
	at com.zhou.run.Run.main(Run.java:73)
Caused by: org.openqa.selenium.firefox.NotConnectedException: Unable to connect to host 127.0.0.1 on port 7055 after 45000 ms. Firefox console output:
e://gre/modules/Promise-backend.js:812:7
this.PromiseWalker.scheduleWalkerLoop/<@resource://gre/modules/Promise.jsm -> resource://gre/modules/Promise-backend.js:746:1

*************************
*************************
A coding exception was thrown and uncaught in a Task.

Full message: TypeError: aAddon._installLocation is undefined
Full stack: shouldVerifySignedState@resource://gre/modules/addons/XPIProvider.jsm:1666:1
verifyZipSignedState@resource://gre/modules/addons/XPIProvider.jsm:1697:8
loadManifestFromZipReader<@resource://gre/modules/addons/XPIProvider.jsm:1430:29
TaskImpl_run@resource://gre/modules/Task.jsm:315:40
TaskImpl@resource://gre/modules/Task.jsm:276:3
createAsyncFunction/asyncFunction@resource://gre/modules/Task.jsm:250:14
loadManifestFromZipFile<@resource://gre/modules/addons/XPIProvider.jsm:1455:26
TaskImpl_run@resource://gre/modules/Task.jsm:315:40
TaskImpl@resource://gre/modules/Task.jsm:276:3
createAsyncFunction/asyncFunction@resource://gre/modules/Task.jsm:250:14
loadManifestFromFile@resource://gre/modules/addons/XPIProvider.jsm:1465:12
AddonInstaller.InstallerService._shouldInstall/<@resource://addoninstaller/installerService.js:341:49
safeCall@resource://gre/modules/AddonManager.jsm:179:5
makeSafe/<@resource://gre/modules/AddonManager.jsm:195:25
Handler.prototype.process@resource://gre/modules/Promise.jsm -> resource://gre/modules/Promise-backend.js:933:23
this.PromiseWalker.walkerLoop@resource://gre/modules/Promise.jsm -> resource://gre/modules/Promise-backend.js:812:7
this.PromiseWalker.scheduleWalkerLoop/<@resource://gre/modules/Promise.jsm -> resource://gre/modules/Promise-backend.js:746:1

*************************
1458021351265	addons.xpi	DEBUG	Calling bootstrap method shutdown on commonfix@mozillaonline.com version 0.13
console.error: commonfix: 
  Message: ReferenceError: reason is not defined
  Stack:
    exports.onUnload@resource://gre/modules/commonjs/toolkit/loader.js -> resource://commonfix-at-mozillaonline-dot-com/commonfix/lib/main.js:316:1
unload/<@resource://gre/modules/commonjs/toolkit/loader.js -> resource://gre/modules/commonjs/sdk/system/unload.js:58:7
unload@resource://gre/modules/commonjs/toolkit/loader.js -> resource://gre/modules/commonjs/sdk/system/unload.js:56:3
onunload@resource://gre/modules/commonjs/toolkit/loader.js -> resource://gre/modules/commonjs/sdk/system/unload.js:77:5
Observer<.observe@resource://gre/modules/commonjs/toolkit/loader.js -> resource://gre/modules/commonjs/sdk/system/events.js:81:7
unload@resource://gre/modules/commonjs/toolkit/loader.js:791:3
shutdown@resource://gre/modules/addons/XPIProvider.jsm -> jar:file:///C:/Users/zhoupp/AppData/Local/Temp/anonymous5977437387054190729webdriver-profile/extensions/commonfix@mozillaonline.com.xpi!/bootstrap.js:303:5
this.XPIProvider.callBootstrapMethod@resource://gre/modules/addons/XPIProvider.jsm:4658:9
this.XPIProvider.startup/<.observe@resource://gre/modules/addons/XPIProvider.jsm:2758:1

1458021351294	addons.xpi	DEBUG	Calling bootstrap method shutdown on wx-assistant@mozillaonline.com version 1.1.5
1458021351298	addons.xpi	DEBUG	Calling bootstrap method shutdown on loop@mozilla.org version 0.1
1458021351556	addons.manager	DEBUG	shutdown
1458021351556	addons.manager	DEBUG	Calling shutdown blocker for <unnamed-provider>
1458021351556	addons.manager	DEBUG	Calling shutdown blocker for XPIProvider
1458021351556	addons.xpi	DEBUG	shutdown
1458021351557	addons.xpi-utils	DEBUG	Updating add-on states
1458021351560	addons.xpi-utils	DEBUG	Writing add-ons list
1458021351564	addons.xpi-utils	DEBUG	shutdown
1458021351564	addons.manager	DEBUG	Calling shutdown blocker for LightweightThemeManager
1458021351564	addons.manager	DEBUG	Calling shutdown blocker for GMPProvider
1458021351566	addons.manager	DEBUG	Calling shutdown blocker for PluginProvider
1458021351567	addons.manager	DEBUG	Calling shutdown blocker for PreviousExperimentProvider
1458021351569	addons.xpi	DEBUG	Notifying XPI shutdown observers
1458021351572	addons.manager	DEBUG	Async provider shutdown done

	at org.openqa.selenium.firefox.internal.NewProfileExtensionConnection.start(NewProfileExtensionConnection.java:109)
	... 25 more
]]>
    </failure>
  </testcase>
  <testcase name="testClickSkip" time="0.000" classname="com.zhou.autotest.M1_fun_tv_home_cookiesAndLocalStorage">
    <failure type="org.openqa.selenium.WebDriverException" message="Failed to connect to binary FirefoxBinary(C:\Program Files (x86)\Mozilla Firefox\firefox.exe) on port 7055; process output follows: 
e://gre/modules/Promise-backend.js:812:7
this.PromiseWalker.scheduleWalkerLoop/&lt;@resource://gre/modules/Promise.jsm -&gt; resource://gre/modules/Promise-backend.js:746:1

*************************
*************************
A coding exception was thrown and uncaught in a Task.

Full message: TypeError: aAddon._installLocation is undefined
Full stack: shouldVerifySignedState@resource://gre/modules/addons/XPIProvider.jsm:1666:1
verifyZipSignedState@resource://gre/modules/addons/XPIProvider.jsm:1697:8
loadManifestFromZipReader&lt;@resource://gre/modules/addons/XPIProvider.jsm:1430:29
TaskImpl_run@resource://gre/modules/Task.jsm:315:40
TaskImpl@resource://gre/modules/Task.jsm:276:3
createAsyncFunction/asyncFunction@resource://gre/modules/Task.jsm:250:14
loadManifestFromZipFile&lt;@resource://gre/modules/addons/XPIProvider.jsm:1455:26
TaskImpl_run@resource://gre/modules/Task.jsm:315:40
TaskImpl@resource://gre/modules/Task.jsm:276:3
createAsyncFunction/asyncFunction@resource://gre/modules/Task.jsm:250:14
loadManifestFromFile@resource://gre/modules/addons/XPIProvider.jsm:1465:12
AddonInstaller.InstallerService._shouldInstall/&lt;@resource://addoninstaller/installerService.js:341:49
safeCall@resource://gre/modules/AddonManager.jsm:179:5
makeSafe/&lt;@resource://gre/modules/AddonManager.jsm:195:25
Handler.prototype.process@resource://gre/modules/Promise.jsm -&gt; resource://gre/modules/Promise-backend.js:933:23
this.PromiseWalker.walkerLoop@resource://gre/modules/Promise.jsm -&gt; resource://gre/modules/Promise-backend.js:812:7
this.PromiseWalker.scheduleWalkerLoop/&lt;@resource://gre/modules/Promise.jsm -&gt; resource://gre/modules/Promise-backend.js:746:1

*************************
1458021351265	addons.xpi	DEBUG	Calling bootstrap method shutdown on commonfix@mozillaonline.com version 0.13
console.error: commonfix: 
  Message: ReferenceError: reason is not defined
  Stack:
    exports.onUnload@resource://gre/modules/commonjs/toolkit/loader.js -&gt; resource://commonfix-at-mozillaonline-dot-com/commonfix/lib/main.js:316:1
unload/&lt;@resource://gre/modules/commonjs/toolkit/loader.js -&gt; resource://gre/modules/commonjs/sdk/system/unload.js:58:7
unload@resource://gre/modules/commonjs/toolkit/loader.js -&gt; resource://gre/modules/commonjs/sdk/system/unload.js:56:3
onunload@resource://gre/modules/commonjs/toolkit/loader.js -&gt; resource://gre/modules/commonjs/sdk/system/unload.js:77:5
Observer&lt;.observe@resource://gre/modules/commonjs/toolkit/loader.js -&gt; resource://gre/modules/commonjs/sdk/system/events.js:81:7
unload@resource://gre/modules/commonjs/toolkit/loader.js:791:3
shutdown@resource://gre/modules/addons/XPIProvider.jsm -&gt; jar:file:///C:/Users/zhoupp/AppData/Local/Temp/anonymous5977437387054190729webdriver-profile/extensions/commonfix@mozillaonline.com.xpi!/bootstrap.js:303:5
this.XPIProvider.callBootstrapMethod@resource://gre/modules/addons/XPIProvider.jsm:4658:9
this.XPIProvider.startup/&lt;.observe@resource://gre/modules/addons/XPIProvider.jsm:2758:1

1458021351294	addons.xpi	DEBUG	Calling bootstrap method shutdown on wx-assistant@mozillaonline.com version 1.1.5
1458021351298	addons.xpi	DEBUG	Calling bootstrap method shutdown on loop@mozilla.org version 0.1
1458021351556	addons.manager	DEBUG	shutdown
1458021351556	addons.manager	DEBUG	Calling shutdown blocker for &lt;unnamed-provider&gt;
1458021351556	addons.manager	DEBUG	Calling shutdown blocker for XPIProvider
1458021351556	addons.xpi	DEBUG	shutdown
1458021351557	addons.xpi-utils	DEBUG	Updating add-on states
1458021351560	addons.xpi-utils	DEBUG	Writing add-ons list
1458021351564	addons.xpi-utils	DEBUG	shutdown
1458021351564	addons.manager	DEBUG	Calling shutdown blocker for LightweightThemeManager
1458021351564	addons.manager	DEBUG	Calling shutdown blocker for GMPProvider
1458021351566	addons.manager	DEBUG	Calling shutdown blocker for PluginProvider
1458021351567	addons.manager	DEBUG	Calling shutdown blocker for PreviousExperimentProvider
1458021351569	addons.xpi	DEBUG	Notifying XPI shutdown observers
1458021351572	addons.manager	DEBUG	Async provider shutdown done

Build info: version: &#039;2.25.0&#039;, revision: &#039;17482&#039;, time: &#039;2012-07-18 21:08:56&#039;
System info: os.name: &#039;Windows 7&#039;, os.arch: &#039;amd64&#039;, os.version: &#039;6.1&#039;, java.version: &#039;1.8.0_66&#039;
Driver info: driver.version: FirefoxDriver">
      <![CDATA[org.openqa.selenium.WebDriverException: Failed to connect to binary FirefoxBinary(C:\Program Files (x86)\Mozilla Firefox\firefox.exe) on port 7055; process output follows: 
e://gre/modules/Promise-backend.js:812:7
this.PromiseWalker.scheduleWalkerLoop/<@resource://gre/modules/Promise.jsm -> resource://gre/modules/Promise-backend.js:746:1

*************************
*************************
A coding exception was thrown and uncaught in a Task.

Full message: TypeError: aAddon._installLocation is undefined
Full stack: shouldVerifySignedState@resource://gre/modules/addons/XPIProvider.jsm:1666:1
verifyZipSignedState@resource://gre/modules/addons/XPIProvider.jsm:1697:8
loadManifestFromZipReader<@resource://gre/modules/addons/XPIProvider.jsm:1430:29
TaskImpl_run@resource://gre/modules/Task.jsm:315:40
TaskImpl@resource://gre/modules/Task.jsm:276:3
createAsyncFunction/asyncFunction@resource://gre/modules/Task.jsm:250:14
loadManifestFromZipFile<@resource://gre/modules/addons/XPIProvider.jsm:1455:26
TaskImpl_run@resource://gre/modules/Task.jsm:315:40
TaskImpl@resource://gre/modules/Task.jsm:276:3
createAsyncFunction/asyncFunction@resource://gre/modules/Task.jsm:250:14
loadManifestFromFile@resource://gre/modules/addons/XPIProvider.jsm:1465:12
AddonInstaller.InstallerService._shouldInstall/<@resource://addoninstaller/installerService.js:341:49
safeCall@resource://gre/modules/AddonManager.jsm:179:5
makeSafe/<@resource://gre/modules/AddonManager.jsm:195:25
Handler.prototype.process@resource://gre/modules/Promise.jsm -> resource://gre/modules/Promise-backend.js:933:23
this.PromiseWalker.walkerLoop@resource://gre/modules/Promise.jsm -> resource://gre/modules/Promise-backend.js:812:7
this.PromiseWalker.scheduleWalkerLoop/<@resource://gre/modules/Promise.jsm -> resource://gre/modules/Promise-backend.js:746:1

*************************
1458021351265	addons.xpi	DEBUG	Calling bootstrap method shutdown on commonfix@mozillaonline.com version 0.13
console.error: commonfix: 
  Message: ReferenceError: reason is not defined
  Stack:
    exports.onUnload@resource://gre/modules/commonjs/toolkit/loader.js -> resource://commonfix-at-mozillaonline-dot-com/commonfix/lib/main.js:316:1
unload/<@resource://gre/modules/commonjs/toolkit/loader.js -> resource://gre/modules/commonjs/sdk/system/unload.js:58:7
unload@resource://gre/modules/commonjs/toolkit/loader.js -> resource://gre/modules/commonjs/sdk/system/unload.js:56:3
onunload@resource://gre/modules/commonjs/toolkit/loader.js -> resource://gre/modules/commonjs/sdk/system/unload.js:77:5
Observer<.observe@resource://gre/modules/commonjs/toolkit/loader.js -> resource://gre/modules/commonjs/sdk/system/events.js:81:7
unload@resource://gre/modules/commonjs/toolkit/loader.js:791:3
shutdown@resource://gre/modules/addons/XPIProvider.jsm -> jar:file:///C:/Users/zhoupp/AppData/Local/Temp/anonymous5977437387054190729webdriver-profile/extensions/commonfix@mozillaonline.com.xpi!/bootstrap.js:303:5
this.XPIProvider.callBootstrapMethod@resource://gre/modules/addons/XPIProvider.jsm:4658:9
this.XPIProvider.startup/<.observe@resource://gre/modules/addons/XPIProvider.jsm:2758:1

1458021351294	addons.xpi	DEBUG	Calling bootstrap method shutdown on wx-assistant@mozillaonline.com version 1.1.5
1458021351298	addons.xpi	DEBUG	Calling bootstrap method shutdown on loop@mozilla.org version 0.1
1458021351556	addons.manager	DEBUG	shutdown
1458021351556	addons.manager	DEBUG	Calling shutdown blocker for <unnamed-provider>
1458021351556	addons.manager	DEBUG	Calling shutdown blocker for XPIProvider
1458021351556	addons.xpi	DEBUG	shutdown
1458021351557	addons.xpi-utils	DEBUG	Updating add-on states
1458021351560	addons.xpi-utils	DEBUG	Writing add-ons list
1458021351564	addons.xpi-utils	DEBUG	shutdown
1458021351564	addons.manager	DEBUG	Calling shutdown blocker for LightweightThemeManager
1458021351564	addons.manager	DEBUG	Calling shutdown blocker for GMPProvider
1458021351566	addons.manager	DEBUG	Calling shutdown blocker for PluginProvider
1458021351567	addons.manager	DEBUG	Calling shutdown blocker for PreviousExperimentProvider
1458021351569	addons.xpi	DEBUG	Notifying XPI shutdown observers
1458021351572	addons.manager	DEBUG	Async provider shutdown done

Build info: version: '2.25.0', revision: '17482', time: '2012-07-18 21:08:56'
System info: os.name: 'Windows 7', os.arch: 'amd64', os.version: '6.1', java.version: '1.8.0_66'
Driver info: driver.version: FirefoxDriver
	at org.openqa.selenium.firefox.internal.NewProfileExtensionConnection.start(NewProfileExtensionConnection.java:121)
	at org.openqa.selenium.firefox.FirefoxDriver.startClient(FirefoxDriver.java:245)
	at org.openqa.selenium.remote.RemoteWebDriver.<init>(RemoteWebDriver.java:109)
	at org.openqa.selenium.firefox.FirefoxDriver.<init>(FirefoxDriver.java:185)
	at org.openqa.selenium.firefox.FirefoxDriver.<init>(FirefoxDriver.java:178)
	at org.openqa.selenium.firefox.FirefoxDriver.<init>(FirefoxDriver.java:174)
	at org.openqa.selenium.firefox.FirefoxDriver.<init>(FirefoxDriver.java:92)
	at com.zhou.autotest.DriverFactory.getFirefoxDriver(DriverFactory.java:97)
	at com.zhou.autotest.DriverFactory.getDriver(DriverFactory.java:138)
	at com.zhou.autotest.M1_fun_tv_home_cookiesAndLocalStorage.setUp(M1_fun_tv_home_cookiesAndLocalStorage.java:42)
	at sun.reflect.NativeMethodAccessorImpl.invoke0(Native Method)
	at sun.reflect.NativeMethodAccessorImpl.invoke(Unknown Source)
	at sun.reflect.DelegatingMethodAccessorImpl.invoke(Unknown Source)
	at java.lang.reflect.Method.invoke(Unknown Source)
	at org.testng.internal.MethodInvocationHelper.invokeMethod(MethodInvocationHelper.java:76)
	at org.testng.internal.Invoker.invokeConfigurationMethod(Invoker.java:525)
	at org.testng.internal.Invoker.invokeConfigurations(Invoker.java:202)
	at org.testng.internal.Invoker.invokeConfigurations(Invoker.java:130)
	at org.testng.SuiteRunner.privateRun(SuiteRunner.java:260)
	at org.testng.SuiteRunner.run(SuiteRunner.java:223)
	at org.testng.SuiteRunnerWorker.runSuite(SuiteRunnerWorker.java:52)
	at org.testng.SuiteRunnerWorker.run(SuiteRunnerWorker.java:86)
	at org.testng.TestNG.runSuitesSequentially(TestNG.java:1039)
	at org.testng.TestNG.runSuitesLocally(TestNG.java:964)
	at org.testng.TestNG.run(TestNG.java:900)
	at com.zhou.run.Run.main(Run.java:73)
Caused by: org.openqa.selenium.firefox.NotConnectedException: Unable to connect to host 127.0.0.1 on port 7055 after 45000 ms. Firefox console output:
e://gre/modules/Promise-backend.js:812:7
this.PromiseWalker.scheduleWalkerLoop/<@resource://gre/modules/Promise.jsm -> resource://gre/modules/Promise-backend.js:746:1

*************************
*************************
A coding exception was thrown and uncaught in a Task.

Full message: TypeError: aAddon._installLocation is undefined
Full stack: shouldVerifySignedState@resource://gre/modules/addons/XPIProvider.jsm:1666:1
verifyZipSignedState@resource://gre/modules/addons/XPIProvider.jsm:1697:8
loadManifestFromZipReader<@resource://gre/modules/addons/XPIProvider.jsm:1430:29
TaskImpl_run@resource://gre/modules/Task.jsm:315:40
TaskImpl@resource://gre/modules/Task.jsm:276:3
createAsyncFunction/asyncFunction@resource://gre/modules/Task.jsm:250:14
loadManifestFromZipFile<@resource://gre/modules/addons/XPIProvider.jsm:1455:26
TaskImpl_run@resource://gre/modules/Task.jsm:315:40
TaskImpl@resource://gre/modules/Task.jsm:276:3
createAsyncFunction/asyncFunction@resource://gre/modules/Task.jsm:250:14
loadManifestFromFile@resource://gre/modules/addons/XPIProvider.jsm:1465:12
AddonInstaller.InstallerService._shouldInstall/<@resource://addoninstaller/installerService.js:341:49
safeCall@resource://gre/modules/AddonManager.jsm:179:5
makeSafe/<@resource://gre/modules/AddonManager.jsm:195:25
Handler.prototype.process@resource://gre/modules/Promise.jsm -> resource://gre/modules/Promise-backend.js:933:23
this.PromiseWalker.walkerLoop@resource://gre/modules/Promise.jsm -> resource://gre/modules/Promise-backend.js:812:7
this.PromiseWalker.scheduleWalkerLoop/<@resource://gre/modules/Promise.jsm -> resource://gre/modules/Promise-backend.js:746:1

*************************
1458021351265	addons.xpi	DEBUG	Calling bootstrap method shutdown on commonfix@mozillaonline.com version 0.13
console.error: commonfix: 
  Message: ReferenceError: reason is not defined
  Stack:
    exports.onUnload@resource://gre/modules/commonjs/toolkit/loader.js -> resource://commonfix-at-mozillaonline-dot-com/commonfix/lib/main.js:316:1
unload/<@resource://gre/modules/commonjs/toolkit/loader.js -> resource://gre/modules/commonjs/sdk/system/unload.js:58:7
unload@resource://gre/modules/commonjs/toolkit/loader.js -> resource://gre/modules/commonjs/sdk/system/unload.js:56:3
onunload@resource://gre/modules/commonjs/toolkit/loader.js -> resource://gre/modules/commonjs/sdk/system/unload.js:77:5
Observer<.observe@resource://gre/modules/commonjs/toolkit/loader.js -> resource://gre/modules/commonjs/sdk/system/events.js:81:7
unload@resource://gre/modules/commonjs/toolkit/loader.js:791:3
shutdown@resource://gre/modules/addons/XPIProvider.jsm -> jar:file:///C:/Users/zhoupp/AppData/Local/Temp/anonymous5977437387054190729webdriver-profile/extensions/commonfix@mozillaonline.com.xpi!/bootstrap.js:303:5
this.XPIProvider.callBootstrapMethod@resource://gre/modules/addons/XPIProvider.jsm:4658:9
this.XPIProvider.startup/<.observe@resource://gre/modules/addons/XPIProvider.jsm:2758:1

1458021351294	addons.xpi	DEBUG	Calling bootstrap method shutdown on wx-assistant@mozillaonline.com version 1.1.5
1458021351298	addons.xpi	DEBUG	Calling bootstrap method shutdown on loop@mozilla.org version 0.1
1458021351556	addons.manager	DEBUG	shutdown
1458021351556	addons.manager	DEBUG	Calling shutdown blocker for <unnamed-provider>
1458021351556	addons.manager	DEBUG	Calling shutdown blocker for XPIProvider
1458021351556	addons.xpi	DEBUG	shutdown
1458021351557	addons.xpi-utils	DEBUG	Updating add-on states
1458021351560	addons.xpi-utils	DEBUG	Writing add-ons list
1458021351564	addons.xpi-utils	DEBUG	shutdown
1458021351564	addons.manager	DEBUG	Calling shutdown blocker for LightweightThemeManager
1458021351564	addons.manager	DEBUG	Calling shutdown blocker for GMPProvider
1458021351566	addons.manager	DEBUG	Calling shutdown blocker for PluginProvider
1458021351567	addons.manager	DEBUG	Calling shutdown blocker for PreviousExperimentProvider
1458021351569	addons.xpi	DEBUG	Notifying XPI shutdown observers
1458021351572	addons.manager	DEBUG	Async provider shutdown done

	at org.openqa.selenium.firefox.internal.NewProfileExtensionConnection.start(NewProfileExtensionConnection.java:109)
	... 25 more
]]>
    </failure>
  </testcase>
</testsuite>
