<?xml version="1.0" encoding="UTF-8"?>
<!-- Generated by org.testng.reporters.JUnitReportReporter -->
<testsuite hostname="FX-JSJ800" name="com.zhou.posidonautotest.videolibrary.VideoLibrary" tests="5" failures="0" timestamp="11 Mar 2016 01:25:32 GMT" time="0.585" errors="0">
  <testcase name="testVideoLibraryTVseries" time="0.043" classname="com.zhou.posidonautotest.videolibrary.VideoLibrary"/>
  <testcase name="testVideoLibraryVarietyshow" time="0.114" classname="com.zhou.posidonautotest.videolibrary.VideoLibrary"/>
  <testcase name="testVideoLibraryAnimalComics" time="0.316" classname="com.zhou.posidonautotest.videolibrary.VideoLibrary"/>
  <testcase name="testVideoLibrary" time="0.078" classname="com.zhou.posidonautotest.videolibrary.VideoLibrary"/>
  <testcase name="testVideoLibraryFilm" time="0.034" classname="com.zhou.posidonautotest.videolibrary.VideoLibrary"/>
</testsuite>
