<?xml version="1.0" encoding="UTF-8"?>
<!-- Generated by org.testng.reporters.JUnitReportReporter -->
<testsuite hostname="FX-JSJ800" name="com.zhou.posidonautotest.mplay.VarietyShowRetrieval" tests="3" failures="0" timestamp="15 Mar 2016 07:07:51 GMT" time="0.074" errors="0">
  <testcase name="testVarietyShowAll" time="0.044" classname="com.zhou.posidonautotest.mplay.VarietyShowRetrieval"/>
  <testcase name="testVarietyShowDetail" time="0.016" classname="com.zhou.posidonautotest.mplay.VarietyShowRetrieval"/>
  <testcase name="testVarietyShowFilters" time="0.014" classname="com.zhou.posidonautotest.mplay.VarietyShowRetrieval"/>
</testsuite>
