<?xml version="1.0" encoding="UTF-8"?>
<!-- Generated by org.testng.reporters.JUnitReportReporter -->
<testsuite hostname="FX-JSJ800" name="com.zhou.posidonautotest.vplay.FightingRetrieval" tests="3" failures="0" timestamp="15 Mar 2016 01:55:33 GMT" time="0.275" errors="0">
  <testcase name="testFightingAll" time="0.128" classname="com.zhou.posidonautotest.vplay.FightingRetrieval"/>
  <testcase name="testFightingFilters" time="0.019" classname="com.zhou.posidonautotest.vplay.FightingRetrieval"/>
  <testcase name="testfightingBoxing" time="0.128" classname="com.zhou.posidonautotest.vplay.FightingRetrieval"/>
</testsuite>
