<?xml version="1.0" encoding="UTF-8"?>
<!-- Generated by org.testng.reporters.JUnitReportReporter -->
<testsuite hostname="FX-JSJ800" name="com.zhou.posidonautotest.mplay.VideoLibrary" tests="9" failures="0" timestamp="15 Mar 2016 01:55:33 GMT" time="1.273" errors="0">
  <testcase name="testVideoLibraryAnimalComics" time="0.089" classname="com.zhou.posidonautotest.mplay.VideoLibrary"/>
  <testcase name="testVideoLibraryFilm" time="0.052" classname="com.zhou.posidonautotest.mplay.VideoLibrary"/>
  <testcase name="testVideoLibrary" time="0.502" classname="com.zhou.posidonautotest.mplay.VideoLibrary"/>
  <testcase name="testVideoLibraryAnimalComicsFilters" time="0.116" classname="com.zhou.posidonautotest.mplay.VideoLibrary"/>
  <testcase name="testVideoLibraryTVseries" time="0.137" classname="com.zhou.posidonautotest.mplay.VideoLibrary"/>
  <testcase name="testVideoLibraryVarietyShowFilters" time="0.025" classname="com.zhou.posidonautotest.mplay.VideoLibrary"/>
  <testcase name="testVideoLibraryFilmFilters" time="0.115" classname="com.zhou.posidonautotest.mplay.VideoLibrary"/>
  <testcase name="testVideoLibraryTVseriesFilters" time="0.107" classname="com.zhou.posidonautotest.mplay.VideoLibrary"/>
  <testcase name="testVideoLibraryVarietyshow" time="0.130" classname="com.zhou.posidonautotest.mplay.VideoLibrary"/>
</testsuite>
